10312 667966
apsize = 10 k = 10 rrsize = 100000
overlap ratio = 0.135754
ap avg degree = 46.9
RR set generation time = 92.9579 total size = 1.65021e+06

IMM             = 4576.26	size = 77.00	squander ratio = 0.23
Threshold       = 4571.86	size = 76.33	squander ratio = 0.30
determined prob = 4695.91	size = 79.00	squander ratio = 0.03
prob            = 4688.35	size = 78.67	squander ratio = 0.07

apsize = 10 k = 10 rrsize = 200000
overlap ratio = 0.12
ap avg degree = 81.80
RR set generation time = 200.10 total size = 3284480.33

IMM             = 4684.42	size = 84.67	squander ratio = 0.53
Threshold       = 4684.59	size = 84.67	squander ratio = 0.53
determined prob = 4732.42	size = 87.33	squander ratio = 0.27
prob            = 4656.44	size = 86.67	squander ratio = 0.33

apsize = 10 k = 10 rrsize = 400000
overlap ratio = 0.09
ap avg degree = 119.50
RR set generation time = 388.45 total size = 6547510.00

IMM             = 4474.53	size = 73.33	squander ratio = 0.40
Threshold       = 4490.33	size = 73.33	squander ratio = 0.40
determined prob = 4594.25	size = 74.67	squander ratio = 0.27
prob            = 4443.78	size = 74.67	squander ratio = 0.27

apsize = 10 k = 10 rrsize = 800000
overlap ratio = 0.12
ap avg degree = 83.63
RR set generation time = 765.64 total size = 13162967.67

IMM             = 4507.28	size = 85.00	squander ratio = 0.60
Threshold       = 4507.28	size = 85.00	squander ratio = 0.60
determined prob = 4573.98	size = 87.67	squander ratio = 0.33
prob            = 4513.05	size = 87.67	squander ratio = 0.33

apsize = 10 k = 10 rrsize = 1600000
overlap ratio = 0.12
ap avg degree = 42.87
RR set generation time = 1456.25 total size = 26440175.67

IMM             = 4499.68	size = 69.00	squander ratio = 0.57
Threshold       = 4499.51	size = 69.00	squander ratio = 0.57
determined prob = 4650.16	size = 72.00	squander ratio = 0.27
prob            = 4648.33	size = 72.00	squander ratio = 0.27

apsize = 10 k = 10 rrsize = 3200000
overlap ratio = 0.12
ap avg degree = 107.33
RR set generation time = 2585.90 total size = 52389432.67

IMM             = 4696.50	size = 82.67	squander ratio = 0.73
Threshold       = 4696.50	size = 82.67	squander ratio = 0.73
determined prob = 4817.61	size = 86.00	squander ratio = 0.40
prob            = 4748.38	size = 85.67	squander ratio = 0.43

