10312 667966
apsize = 10 k = 1 rrsize = 100000
overlap ratio = 0.128688
ap avg degree = 67.5333
RR set generation time = 75.0687 total size = 1.64309e+06

IMM             = 2551.57	size = 10.00	squander ratio = 0.00
Threshold       = 2551.57	size = 10.00	squander ratio = 0.00
determined prob = 2529.19	size = 10.00	squander ratio = 0.00
prob            = 2509.63	size = 10.00	squander ratio = 0.00

apsize = 10 k = 2 rrsize = 100000
overlap ratio = 0.14
ap avg degree = 27.07
RR set generation time = 76.09 total size = 1665024.67

IMM             = 3312.08	size = 19.33	squander ratio = 0.00
Threshold       = 3322.05	size = 19.33	squander ratio = 0.00
determined prob = 3345.76	size = 19.33	squander ratio = 0.00
prob            = 3362.95	size = 19.33	squander ratio = 0.00

apsize = 10 k = 5 rrsize = 100000
overlap ratio = 0.16
ap avg degree = 58.23
RR set generation time = 76.14 total size = 1658423.67

IMM             = 4290.51	size = 49.00	squander ratio = 0.00
Threshold       = 4290.20	size = 48.33	squander ratio = 0.07
determined prob = 4363.63	size = 49.00	squander ratio = 0.00
prob            = 4364.73	size = 49.00	squander ratio = 0.00

apsize = 10 k = 10 rrsize = 100000
overlap ratio = 0.13
ap avg degree = 60.20
RR set generation time = 76.05 total size = 1658593.33

IMM             = 4643.49	size = 77.67	squander ratio = 0.30
Threshold       = 4645.07	size = 78.00	squander ratio = 0.27
determined prob = 4704.44	size = 79.33	squander ratio = 0.13
prob            = 4690.59	size = 79.33	squander ratio = 0.13

apsize = 10 k = 20 rrsize = 100000
overlap ratio = 0.15
ap avg degree = 62.27
RR set generation time = 74.89 total size = 1636847.67

IMM             = 5143.28	size = 133.00	squander ratio = 1.67
Threshold       = 5143.42	size = 132.67	squander ratio = 1.70
determined prob = 5219.35	size = 140.33	squander ratio = 0.93
prob            = 5215.26	size = 140.00	squander ratio = 0.97

apsize = 10 k = 50 rrsize = 100000
overlap ratio = 0.18
ap avg degree = 102.17
RR set generation time = 74.39 total size = 1632573.67

IMM             = 5639.94	size = 258.67	squander ratio = 3.40
Threshold       = 5640.97	size = 258.67	squander ratio = 3.40
determined prob = 5712.06	size = 277.00	squander ratio = 1.57
prob            = 5712.06	size = 277.33	squander ratio = 1.53

apsize = 10 k = 1 rrsize = 1000000
overlap ratio = 0.11
ap avg degree = 41.87
RR set generation time = 751.40 total size = 16504642.67

IMM             = 2555.73	size = 10.00	squander ratio = 0.00
Threshold       = 2555.73	size = 10.00	squander ratio = 0.00
determined prob = 2573.79	size = 10.00	squander ratio = 0.00
prob            = 2563.78	size = 10.00	squander ratio = 0.00

apsize = 10 k = 2 rrsize = 1000000
overlap ratio = 0.15
ap avg degree = 35.73
RR set generation time = 750.40 total size = 16496640.33

IMM             = 3122.79	size = 19.33	squander ratio = 0.03
Threshold       = 3122.22	size = 19.00	squander ratio = 0.07
determined prob = 3257.55	size = 19.33	squander ratio = 0.03
prob            = 3198.59	size = 19.00	squander ratio = 0.07

apsize = 10 k = 5 rrsize = 1000000
overlap ratio = 0.12
ap avg degree = 61.30
RR set generation time = 752.65 total size = 16481243.33

IMM             = 4113.26	size = 45.33	squander ratio = 0.00
Threshold       = 4113.26	size = 45.33	squander ratio = 0.00
determined prob = 4232.50	size = 45.33	squander ratio = 0.00
prob            = 4183.63	size = 45.33	squander ratio = 0.00

apsize = 10 k = 10 rrsize = 1000000
overlap ratio = 0.13
ap avg degree = 63.87
RR set generation time = 753.22 total size = 16476356.33

IMM             = 4718.86	size = 84.67	squander ratio = 0.47
Threshold       = 4719.03	size = 84.67	squander ratio = 0.47
determined prob = 4838.29	size = 86.33	squander ratio = 0.30
prob            = 4824.41	size = 86.33	squander ratio = 0.30

apsize = 10 k = 20 rrsize = 1000000
overlap ratio = 0.15
ap avg degree = 38.87
RR set generation time = 752.04 total size = 16473515.67

IMM             = 4991.67	size = 135.67	squander ratio = 1.23
Threshold       = 4992.10	size = 135.67	squander ratio = 1.23
determined prob = 5051.12	size = 142.00	squander ratio = 0.60
prob            = 5049.51	size = 141.67	squander ratio = 0.63

apsize = 10 k = 50 rrsize = 1000000
overlap ratio = 0.19
ap avg degree = 55.40
RR set generation time = 750.63 total size = 16457651.67

IMM             = 5449.39	size = 231.67	squander ratio = 4.10
Threshold       = 5450.07	size = 231.67	squander ratio = 4.10
determined prob = 5495.99	size = 247.00	squander ratio = 2.57
prob            = 5495.99	size = 247.33	squander ratio = 2.53

