4847571 68993773
apsize = 1000 k = 2 rrsize = 1000000
overlap ratio = 0.012063
ap avg degree = 15.0213
RR set generation time = 99.5469 total size = 1.0339e+07

IMM             = 134554.03	size = 1598.00	squander ratio = 0.01
Threshold       = 134384.36	size = 1477.33	squander ratio = 0.13
determined prob = 134539.49	size = 1598.00	squander ratio = 0.01
prob            = 133720.25	size = 1598.00	squander ratio = 0.01

apsize = 1000 k = 4 rrsize = 1000000
overlap ratio = 0.01
ap avg degree = 13.39
RR set generation time = 100.42 total size = 10342613.00

IMM             = 170400.20	size = 2628.67	squander ratio = 0.03
Threshold       = 170388.89	size = 2334.33	squander ratio = 0.32
determined prob = 170884.96	size = 2629.67	squander ratio = 0.02
prob            = 170421.21	size = 2629.67	squander ratio = 0.02

apsize = 1000 k = 8 rrsize = 1000000
overlap ratio = 0.01
ap avg degree = 14.67
RR set generation time = 99.10 total size = 10343849.33

IMM             = 217802.98	size = 4470.00	squander ratio = 0.03
Threshold       = 217822.37	size = 3794.33	squander ratio = 0.71
determined prob = 218580.21	size = 4472.33	squander ratio = 0.03
prob            = 218066.37	size = 4472.67	squander ratio = 0.03

apsize = 1000 k = 16 rrsize = 1000000
overlap ratio = 0.01
ap avg degree = 13.73
RR set generation time = 97.62 total size = 10301837.33

IMM             = 248459.02	size = 6460.00	squander ratio = 0.06
Threshold       = 248425.09	size = 5131.33	squander ratio = 1.38
determined prob = 249333.20	size = 6466.33	squander ratio = 0.05
prob            = 249349.36	size = 6466.00	squander ratio = 0.05

apsize = 1000 k = 32 rrsize = 1000000
overlap ratio = 0.01
ap avg degree = 14.41
RR set generation time = 98.98 total size = 10300077.00

IMM             = 286158.58	size = 9332.67	squander ratio = 0.11
Threshold       = 286200.59	size = 7055.67	squander ratio = 2.38
determined prob = 286963.28	size = 9342.00	squander ratio = 0.10
prob            = 286838.86	size = 9341.67	squander ratio = 0.10

apsize = 1000 k = 64 rrsize = 1000000
overlap ratio = 0.01
ap avg degree = 13.48
RR set generation time = 99.44 total size = 10327225.00

IMM             = 286580.32	size = 10719.33	squander ratio = 0.16
Threshold       = 286554.46	size = 7737.00	squander ratio = 3.14
determined prob = 287132.94	size = 10740.33	squander ratio = 0.14
prob            = 287124.86	size = 10739.67	squander ratio = 0.14

apsize = 1000 k = 2 rrsize = 10000000
overlap ratio = 0.01
ap avg degree = 14.66
RR set generation time = 984.13 total size = 103251855.67

IMM             = 130028.01	size = 1561.67	squander ratio = 0.02
Threshold       = 129979.54	size = 1554.67	squander ratio = 0.02
determined prob = 130129.65	size = 1561.67	squander ratio = 0.02
prob            = 129192.61	size = 1561.67	squander ratio = 0.02

apsize = 1000 k = 4 rrsize = 10000000
overlap ratio = 0.01
ap avg degree = 14.10
RR set generation time = 977.87 total size = 103371437.00

IMM             = 164968.01	size = 2711.33	squander ratio = 0.02
Threshold       = 164968.17	size = 2689.67	squander ratio = 0.04
determined prob = 165269.37	size = 2711.33	squander ratio = 0.02
prob            = 165041.05	size = 2711.00	squander ratio = 0.02

apsize = 1000 k = 8 rrsize = 10000000
overlap ratio = 0.01
ap avg degree = 14.55
RR set generation time = 987.24 total size = 103325678.33

IMM             = 217638.16	size = 4378.67	squander ratio = 0.03
Threshold       = 217636.55	size = 4316.00	squander ratio = 0.10
determined prob = 218088.34	size = 4381.33	squander ratio = 0.03
prob            = 217889.75	size = 4381.33	squander ratio = 0.03

apsize = 1000 k = 16 rrsize = 10000000
overlap ratio = 0.01
ap avg degree = 14.17
RR set generation time = 972.99 total size = 103332783.33

IMM             = 252635.53	size = 6728.00	squander ratio = 0.06
Threshold       = 252628.25	size = 6585.33	squander ratio = 0.21
determined prob = 253065.51	size = 6734.00	squander ratio = 0.06
prob            = 253009.92	size = 6733.67	squander ratio = 0.06

apsize = 1000 k = 32 rrsize = 10000000
overlap ratio = 0.01
ap avg degree = 14.68
RR set generation time = 979.18 total size = 103249003.00

IMM             = 296413.45	size = 9516.67	squander ratio = 0.11
Threshold       = 296398.43	size = 9267.00	squander ratio = 0.36
determined prob = 296940.71	size = 9532.33	squander ratio = 0.09
prob            = 296924.07	size = 9532.00	squander ratio = 0.09

apsize = 1000 k = 64 rrsize = 10000000
overlap ratio = 0.01
ap avg degree = 14.35
RR set generation time = 978.89 total size = 103295114.00

IMM             = 298309.34	size = 11319.33	squander ratio = 0.15
Threshold       = 298302.39	size = 10918.00	squander ratio = 0.56
determined prob = 298651.42	size = 11334.67	squander ratio = 0.14
prob            = 298653.36	size = 11335.33	squander ratio = 0.14

