4847571 68993773
apsize = 100 k = 10 rrsize = 1000000
overlap ratio = 0.000619579
ap avg degree = 14.5967
RR set generation time = 98.954 total size = 1.0351e+07

IMM             = 35608.64	size = 488.67	squander ratio = 0.05
Threshold       = 35613.49	size = 422.00	squander ratio = 0.72
determined prob = 35616.72	size = 488.67	squander ratio = 0.05
prob            = 35272.54	size = 488.67	squander ratio = 0.05

apsize = 200 k = 10 rrsize = 1000000
overlap ratio = 0.00
ap avg degree = 14.48
RR set generation time = 98.31 total size = 10377591.00

IMM             = 57834.75	size = 1076.00	squander ratio = 0.02
Threshold       = 57831.52	size = 930.67	squander ratio = 0.75
determined prob = 57938.17	size = 1076.00	squander ratio = 0.02
prob            = 57933.32	size = 1076.00	squander ratio = 0.02

apsize = 400 k = 10 rrsize = 1000000
overlap ratio = 0.00
ap avg degree = 14.82
RR set generation time = 97.57 total size = 10373321.00

IMM             = 112657.55	size = 1979.33	squander ratio = 0.04
Threshold       = 112631.70	size = 1658.00	squander ratio = 0.84
determined prob = 112933.86	size = 1979.00	squander ratio = 0.04
prob            = 112067.76	size = 1979.00	squander ratio = 0.04

apsize = 800 k = 10 rrsize = 1000000
overlap ratio = 0.01
ap avg degree = 13.15
RR set generation time = 97.09 total size = 10334450.33

IMM             = 191268.99	size = 3998.00	squander ratio = 0.05
Threshold       = 191328.78	size = 3323.00	squander ratio = 0.89
determined prob = 191689.12	size = 4001.00	squander ratio = 0.04
prob            = 191634.18	size = 4000.67	squander ratio = 0.04

apsize = 1600 k = 10 rrsize = 1000000
overlap ratio = 0.03
ap avg degree = 14.95
RR set generation time = 101.09 total size = 10334575.67

IMM             = 322230.97	size = 8058.33	squander ratio = 0.05
Threshold       = 322114.63	size = 6645.33	squander ratio = 0.93
determined prob = 323972.87	size = 8066.33	squander ratio = 0.04
prob            = 323578.60	size = 8066.33	squander ratio = 0.04

apsize = 3200 k = 10 rrsize = 1000000
overlap ratio = 0.03
ap avg degree = 14.14
RR set generation time = 96.69 total size = 10287516.67

IMM             = 503772.51	size = 16016.33	squander ratio = 0.06
Threshold       = 503770.89	size = 12849.67	squander ratio = 1.05
determined prob = 507322.54	size = 16049.00	squander ratio = 0.05
prob            = 507107.63	size = 16048.67	squander ratio = 0.05

apsize = 100 k = 10 rrsize = 10000000
overlap ratio = 0.00
ap avg degree = 14.47
RR set generation time = 986.79 total size = 103597184.00

IMM             = 41014.98	size = 499.33	squander ratio = 0.02
Threshold       = 41009.64	size = 488.67	squander ratio = 0.13
determined prob = 40986.21	size = 499.33	squander ratio = 0.02
prob            = 40744.32	size = 499.33	squander ratio = 0.02

apsize = 200 k = 10 rrsize = 10000000
overlap ratio = 0.00
ap avg degree = 16.67
RR set generation time = 977.84 total size = 103610221.33

IMM             = 67611.82	size = 1054.00	squander ratio = 0.03
Threshold       = 67608.91	size = 1040.33	squander ratio = 0.10
determined prob = 67709.26	size = 1054.67	squander ratio = 0.03
prob            = 67646.24	size = 1054.67	squander ratio = 0.03

apsize = 400 k = 10 rrsize = 10000000
overlap ratio = 0.00
ap avg degree = 13.06
RR set generation time = 977.00 total size = 103501128.00

IMM             = 103966.66	size = 1963.67	squander ratio = 0.04
Threshold       = 103959.23	size = 1930.33	squander ratio = 0.12
determined prob = 104265.11	size = 1965.67	squander ratio = 0.03
prob            = 104216.64	size = 1965.67	squander ratio = 0.03

apsize = 800 k = 10 rrsize = 10000000
overlap ratio = 0.01
ap avg degree = 13.72
RR set generation time = 990.53 total size = 103356800.33

IMM             = 187599.06	size = 4055.33	squander ratio = 0.04
Threshold       = 187590.82	size = 3998.67	squander ratio = 0.11
determined prob = 187896.54	size = 4056.67	squander ratio = 0.04
prob            = 187562.54	size = 4056.00	squander ratio = 0.04

apsize = 1600 k = 10 rrsize = 10000000
overlap ratio = 0.02
ap avg degree = 14.03
RR set generation time = 985.19 total size = 103217015.33

IMM             = 314740.02	size = 8103.33	squander ratio = 0.04
Threshold       = 314709.48	size = 7977.00	squander ratio = 0.12
determined prob = 315612.74	size = 8110.33	squander ratio = 0.04
prob            = 315511.59	size = 8111.00	squander ratio = 0.04

apsize = 3200 k = 10 rrsize = 10000000
overlap ratio = 0.03
ap avg degree = 13.74
RR set generation time = 973.86 total size = 102784905.33

IMM             = 484667.42	size = 16149.00	squander ratio = 0.06
Threshold       = 484710.24	size = 15883.33	squander ratio = 0.14
determined prob = 486367.95	size = 16176.33	squander ratio = 0.05
prob            = 486129.29	size = 16177.33	squander ratio = 0.05

