4847571 68993773
apsize = 1000 k = 10 rrsize = 1000000
overlap ratio = 0.0107124
ap avg degree = 14.2883
RR set generation time = 101.836 total size = 1.03444e+07

IMM             = 234905.21	size = 5127.00	squander ratio = 0.04
Threshold       = 234853.50	size = 4284.33	squander ratio = 0.89
determined prob = 235604.88	size = 5132.00	squander ratio = 0.04
prob            = 234795.33	size = 5132.00	squander ratio = 0.04

apsize = 1000 k = 10 rrsize = 2000000
overlap ratio = 0.01
ap avg degree = 14.19
RR set generation time = 199.79 total size = 20686930.33

IMM             = 228907.15	size = 5098.00	squander ratio = 0.05
Threshold       = 228888.57	size = 4608.00	squander ratio = 0.54
determined prob = 229406.45	size = 5101.33	squander ratio = 0.04
prob            = 229247.29	size = 5101.00	squander ratio = 0.04

apsize = 1000 k = 10 rrsize = 5000000
overlap ratio = 0.01
ap avg degree = 14.29
RR set generation time = 490.39 total size = 51644694.67

IMM             = 224353.34	size = 4973.67	squander ratio = 0.05
Threshold       = 224335.57	size = 4770.33	squander ratio = 0.25
determined prob = 224882.70	size = 4976.33	squander ratio = 0.05
prob            = 224397.29	size = 4976.00	squander ratio = 0.05

apsize = 1000 k = 10 rrsize = 10000000
overlap ratio = 0.01
ap avg degree = 13.22
RR set generation time = 968.98 total size = 103347913.00

IMM             = 213758.17	size = 4998.33	squander ratio = 0.04
Threshold       = 213747.50	size = 4922.33	squander ratio = 0.11
determined prob = 213975.50	size = 5001.33	squander ratio = 0.03
prob            = 213882.75	size = 5001.33	squander ratio = 0.03

apsize = 1000 k = 10 rrsize = 20000000
overlap ratio = 0.01
ap avg degree = 13.47
RR set generation time = 1938.49 total size = 206711793.00

IMM             = 212334.11	size = 5010.67	squander ratio = 0.04
Threshold       = 212271.50	size = 4991.33	squander ratio = 0.06
determined prob = 212737.11	size = 5014.67	squander ratio = 0.04
prob            = 212466.77	size = 5014.67	squander ratio = 0.04

