317080 2099732
apsize = 100 k = 10 rrsize = 1000000
overlap ratio = 0.00319406
ap avg degree = 7.28667
RR set generation time = 14.0782 total size = 4.80718e+06

IMM             = 5464.45	size = 475.33	squander ratio = 0.01
Threshold       = 5463.18	size = 448.67	squander ratio = 0.28
determined prob = 5464.35	size = 475.33	squander ratio = 0.01
prob            = 5463.39	size = 475.33	squander ratio = 0.01

apsize = 200 k = 10 rrsize = 1000000
overlap ratio = 0.01
ap avg degree = 6.14
RR set generation time = 14.47 total size = 4806406.00

IMM             = 8770.01	size = 882.67	squander ratio = 0.02
Threshold       = 8770.86	size = 835.00	squander ratio = 0.26
determined prob = 8794.53	size = 884.00	squander ratio = 0.01
prob            = 8796.33	size = 884.00	squander ratio = 0.01

apsize = 500 k = 10 rrsize = 1000000
overlap ratio = 0.01
ap avg degree = 6.55
RR set generation time = 13.81 total size = 4779293.33

IMM             = 21602.77	size = 2295.00	squander ratio = 0.05
Threshold       = 21604.35	size = 2166.67	squander ratio = 0.30
determined prob = 21645.99	size = 2299.67	squander ratio = 0.04
prob            = 21638.49	size = 2299.67	squander ratio = 0.04

apsize = 1000 k = 10 rrsize = 1000000
overlap ratio = 0.03
ap avg degree = 6.51
RR set generation time = 13.71 total size = 4745828.67

IMM             = 37192.11	size = 4526.00	squander ratio = 0.09
Threshold       = 37189.47	size = 4251.33	squander ratio = 0.36
determined prob = 37328.45	size = 4547.67	squander ratio = 0.07
prob            = 37316.41	size = 4546.67	squander ratio = 0.07

apsize = 2000 k = 10 rrsize = 1000000
overlap ratio = 0.06
ap avg degree = 6.55
RR set generation time = 13.80 total size = 4693945.00

IMM             = 60884.01	size = 9010.00	squander ratio = 0.16
Threshold       = 60886.02	size = 8456.33	squander ratio = 0.44
determined prob = 61226.77	size = 9063.33	squander ratio = 0.13
prob            = 61213.67	size = 9064.33	squander ratio = 0.13

apsize = 5000 k = 10 rrsize = 1000000
overlap ratio = 0.12
ap avg degree = 6.67
RR set generation time = 13.08 total size = 4518557.67

IMM             = 105253.33	size = 21498.67	squander ratio = 0.38
Threshold       = 105272.15	size = 19996.00	squander ratio = 0.68
determined prob = 106292.61	size = 21812.67	squander ratio = 0.32
prob            = 106248.86	size = 21803.00	squander ratio = 0.32

apsize = 100 k = 10 rrsize = 10000000
overlap ratio = 0.01
ap avg degree = 7.28
RR set generation time = 136.27 total size = 48026532.67

IMM             = 5062.55	size = 492.33	squander ratio = 0.01
Threshold       = 5062.25	size = 492.33	squander ratio = 0.01
determined prob = 5064.98	size = 493.00	squander ratio = 0.00
prob            = 5063.67	size = 493.00	squander ratio = 0.00

apsize = 200 k = 10 rrsize = 10000000
overlap ratio = 0.01
ap avg degree = 6.32
RR set generation time = 138.77 total size = 47987440.67

IMM             = 9644.81	size = 928.33	squander ratio = 0.02
Threshold       = 9650.59	size = 928.67	squander ratio = 0.02
determined prob = 9653.23	size = 928.67	squander ratio = 0.02
prob            = 9650.26	size = 929.33	squander ratio = 0.02

apsize = 500 k = 10 rrsize = 10000000
overlap ratio = 0.01
ap avg degree = 6.25
RR set generation time = 136.40 total size = 47812068.67

IMM             = 20404.74	size = 2285.33	squander ratio = 0.04
Threshold       = 20405.67	size = 2285.67	squander ratio = 0.03
determined prob = 20423.44	size = 2289.67	squander ratio = 0.03
prob            = 20414.58	size = 2290.00	squander ratio = 0.03

apsize = 1000 k = 10 rrsize = 10000000
overlap ratio = 0.02
ap avg degree = 6.61
RR set generation time = 136.77 total size = 47495053.67

IMM             = 37972.45	size = 4651.00	squander ratio = 0.07
Threshold       = 37967.61	size = 4650.33	squander ratio = 0.07
determined prob = 38165.85	size = 4671.00	squander ratio = 0.05
prob            = 38150.18	size = 4670.67	squander ratio = 0.05

apsize = 2000 k = 10 rrsize = 10000000
overlap ratio = 0.05
ap avg degree = 6.45
RR set generation time = 134.90 total size = 46951151.67

IMM             = 61078.59	size = 9037.00	squander ratio = 0.15
Threshold       = 61077.55	size = 9036.67	squander ratio = 0.15
determined prob = 61413.48	size = 9099.67	squander ratio = 0.12
prob            = 61392.06	size = 9098.67	squander ratio = 0.12

apsize = 5000 k = 10 rrsize = 10000000
overlap ratio = 0.12
ap avg degree = 6.55
RR set generation time = 128.00 total size = 45257606.00

IMM             = 103681.40	size = 21336.00	squander ratio = 0.37
Threshold       = 103683.68	size = 21336.67	squander ratio = 0.37
determined prob = 104647.18	size = 21678.00	squander ratio = 0.31
prob            = 104582.43	size = 21672.33	squander ratio = 0.31

