apsize = 100 k = 1 rrsize = 10000
ap avg degree = 16.58
IMM:
total time = 0.009694 time select seed = 0.000401
total = 1655 selected = 87 unselected = 1568
seed of IMM = 8614.77	size = 87
OPIM:
total time = 0.004469 time select seed = 0.000374
total = 1655 selected = 87 unselected = 1568
seed of OPIM = 9914.84	size = 87
Threshold(xi = 0.05 ):
total time = 0.003083 time select seed = 0.000327
total = 1655 selected = 63 unselected = 271
seed of OPIM = 8519.49	size = 63

apsize = 100 k = 1 rrsize = 100000
ap avg degree = 23.18
IMM:
total time = 0.010261 time select seed = 0.001264
total = 2316 selected = 86 unselected = 2230
seed of IMM = 13993.1	size = 86
OPIM:
total time = 0.006254 time select seed = 0.001313
total = 2316 selected = 86 unselected = 2230
seed of OPIM = 14379.9	size = 86
Threshold(xi = 0.05 ):
total time = 0.004513 time select seed = 0.001301
total = 2316 selected = 79 unselected = 1554
seed of OPIM = 13844.2	size = 79

apsize = 100 k = 1 rrsize = 1000000
ap avg degree = 17.46
IMM:
total time = 0.015661 time select seed = 0.006541
total = 1740 selected = 96 unselected = 1644
seed of IMM = 9836.07	size = 96
OPIM:
total time = 0.012393 time select seed = 0.006795
total = 1740 selected = 96 unselected = 1644
seed of OPIM = 9956.03	size = 96
Threshold(xi = 0.05 ):
total time = 0.009797 time select seed = 0.006543
total = 1740 selected = 95 unselected = 1585
seed of OPIM = 9812.4	size = 95

apsize = 100 k = 1 rrsize = 10000000
ap avg degree = 17.82
IMM:
total time = 0.062584 time select seed = 0.052824
total = 1778 selected = 90 unselected = 1688
seed of IMM = 8398.13	size = 90
OPIM:
total time = 0.057828 time select seed = 0.051999
total = 1778 selected = 90 unselected = 1688
seed of OPIM = 8431.82	size = 90
Threshold(xi = 0.05 ):
total time = 0.05674 time select seed = 0.053184
total = 1778 selected = 90 unselected = 1686
seed of OPIM = 8407.08	size = 90

apsize = 100 k = 2 rrsize = 10000
ap avg degree = 14.89
IMM:
total time = 0.003524 time select seed = 0.00048
total = 1487 selected = 159 unselected = 1328
seed of IMM = 22322.4	size = 159
OPIM:
total time = 0.005672 time select seed = 0.000494
total = 1487 selected = 159 unselected = 1328
seed of OPIM = 23662.1	size = 159
Threshold(xi = 0.05 ):
total time = 0.003178 time select seed = 0.000425
total = 1487 selected = 81 unselected = 156
seed of OPIM = 21380.3	size = 81

apsize = 100 k = 2 rrsize = 100000
ap avg degree = 23.6
IMM:
total time = 0.005543 time select seed = 0.001878
total = 2354 selected = 173 unselected = 2181
seed of IMM = 19061.2	size = 173
OPIM:
total time = 0.00974 time select seed = 0.002041
total = 2354 selected = 173 unselected = 2181
seed of OPIM = 19592.1	size = 173
Threshold(xi = 0.05 ):
total time = 0.005237 time select seed = 0.001897
total = 2354 selected = 151 unselected = 1550
seed of OPIM = 18840.2	size = 151

apsize = 100 k = 2 rrsize = 1000000
ap avg degree = 19.29
IMM:
total time = 0.016558 time select seed = 0.012818
total = 1926 selected = 172 unselected = 1754
seed of IMM = 21841.7	size = 172
OPIM:
total time = 0.020153 time select seed = 0.01306
total = 1926 selected = 172 unselected = 1754
seed of OPIM = 21806.6	size = 172
Threshold(xi = 0.05 ):
total time = 0.016414 time select seed = 0.013302
total = 1926 selected = 165 unselected = 1643
seed of OPIM = 21755.4	size = 165

apsize = 100 k = 2 rrsize = 10000000
ap avg degree = 21.01
IMM:
total time = 0.159749 time select seed = 0.14983
total = 2099 selected = 169 unselected = 1930
seed of IMM = 27929.7	size = 169
OPIM:
total time = 0.160279 time select seed = 0.151048
total = 2099 selected = 169 unselected = 1930
seed of OPIM = 27898.7	size = 169
Threshold(xi = 0.05 ):
total time = 0.15492 time select seed = 0.151378
total = 2099 selected = 169 unselected = 1854
seed of OPIM = 27903.3	size = 169

apsize = 100 k = 5 rrsize = 10000
ap avg degree = 16.2
IMM:
total time = 0.004305 time select seed = 0.00072
total = 1620 selected = 389 unselected = 1231
seed of IMM = 20673.1	size = 389
OPIM:
total time = 0.010337 time select seed = 0.000811
total = 1620 selected = 389 unselected = 1231
seed of OPIM = 23183.5	size = 389
Threshold(xi = 0.05 ):
total time = 0.003767 time select seed = 0.000545
total = 1620 selected = 154 unselected = 107
seed of OPIM = 17100	size = 154

apsize = 100 k = 5 rrsize = 100000
ap avg degree = 17.33
IMM:
total time = 0.00644 time select seed = 0.002615
total = 1730 selected = 366 unselected = 1364
seed of IMM = 31475.6	size = 366
OPIM:
total time = 0.050413 time select seed = 0.018437
total = 1730 selected = 366 unselected = 1364
seed of OPIM = 31865.6	size = 366
Threshold(xi = 0.05 ):
total time = 0.008811 time select seed = 0.005338
total = 1730 selected = 294 unselected = 925
seed of OPIM = 30516.8	size = 294

apsize = 100 k = 5 rrsize = 1000000
ap avg degree = 18.91
IMM:
total time = 0.032902 time select seed = 0.018332
total = 1885 selected = 375 unselected = 1510
seed of IMM = 33538.9	size = 375
OPIM:
total time = 0.032828 time select seed = 0.019052
total = 1885 selected = 375 unselected = 1510
seed of OPIM = 33532.6	size = 375
Threshold(xi = 0.05 ):
total time = 0.022717 time select seed = 0.018938
total = 1885 selected = 366 unselected = 1461
seed of OPIM = 33436.2	size = 366

apsize = 100 k = 5 rrsize = 10000000
ap avg degree = 15.5
IMM:
total time = 0.184925 time select seed = 0.167318
total = 1549 selected = 357 unselected = 1192
seed of IMM = 29154.4	size = 357
OPIM:
total time = 0.179255 time select seed = 0.165462
total = 1549 selected = 357 unselected = 1192
seed of OPIM = 29157.9	size = 357
Threshold(xi = 0.05 ):
total time = 0.16807 time select seed = 0.164256
total = 1549 selected = 354 unselected = 1166
seed of OPIM = 29170.7	size = 354

apsize = 100 k = 10 rrsize = 10000
ap avg degree = 22.99
IMM:
total time = 0.004863 time select seed = 0.001069
total = 2293 selected = 713 unselected = 1580
seed of IMM = 27630.4	size = 713
OPIM:
total time = 0.021352 time select seed = 0.001189
total = 2293 selected = 713 unselected = 1580
seed of OPIM = 32929.6	size = 713
Threshold(xi = 0.05 ):
total time = 0.003904 time select seed = 0.000723
total = 2293 selected = 256 unselected = 67
seed of OPIM = 20471.9	size = 256

apsize = 100 k = 10 rrsize = 100000
ap avg degree = 18.33
IMM:
total time = 0.007121 time select seed = 0.003159
total = 1828 selected = 593 unselected = 1235
seed of IMM = 38700.1	size = 593
OPIM:
total time = 0.018195 time select seed = 0.003328
total = 1828 selected = 593 unselected = 1235
seed of OPIM = 39342.8	size = 593
Threshold(xi = 0.05 ):
total time = 0.006389 time select seed = 0.003059
total = 1828 selected = 477 unselected = 802
seed of OPIM = 37903	size = 477

apsize = 100 k = 10 rrsize = 1000000
ap avg degree = 14.87
IMM:
total time = 0.023924 time select seed = 0.019966
total = 1485 selected = 582 unselected = 903
seed of IMM = 35511.1	size = 582
OPIM:
total time = 0.03385 time select seed = 0.020612
total = 1485 selected = 582 unselected = 903
seed of OPIM = 35687.6	size = 582
Threshold(xi = 0.05 ):
total time = 0.023949 time select seed = 0.020067
total = 1485 selected = 562 unselected = 873
seed of OPIM = 35481.6	size = 562

apsize = 100 k = 10 rrsize = 10000000
ap avg degree = 17.58
IMM:
total time = 0.186471 time select seed = 0.177901
total = 1756 selected = 638 unselected = 1118
seed of IMM = 31636.6	size = 638
OPIM:
total time = 0.201608 time select seed = 0.177562
total = 1756 selected = 638 unselected = 1118
seed of OPIM = 31638.4	size = 638
Threshold(xi = 0.05 ):
total time = 0.180681 time select seed = 0.176111
total = 1756 selected = 638 unselected = 1118
seed of OPIM = 31560.8	size = 638

apsize = 200 k = 1 rrsize = 10000
ap avg degree = 20.36
IMM:
total time = 0.004646 time select seed = 0.000557
total = 4050 selected = 180 unselected = 3870
seed of IMM = 22662.7	size = 180
OPIM:
total time = 0.011294 time select seed = 0.000599
total = 4050 selected = 180 unselected = 3870
seed of OPIM = 25424.5	size = 180
Threshold(xi = 0.05 ):
total time = 0.003872 time select seed = 0.000532
total = 4050 selected = 123 unselected = 628
seed of OPIM = 22134.8	size = 123

apsize = 200 k = 1 rrsize = 100000
ap avg degree = 19.32
IMM:
total time = 0.006683 time select seed = 0.00255
total = 3840 selected = 170 unselected = 3670
seed of IMM = 38691.3	size = 170
OPIM:
total time = 0.013486 time select seed = 0.002752
total = 3840 selected = 170 unselected = 3670
seed of OPIM = 38683.6	size = 170
Threshold(xi = 0.05 ):
total time = 0.006343 time select seed = 0.002681
total = 3840 selected = 152 unselected = 2579
seed of OPIM = 38459	size = 152

apsize = 200 k = 1 rrsize = 1000000
ap avg degree = 18.935
IMM:
total time = 0.025531 time select seed = 0.021225
total = 3770 selected = 174 unselected = 3596
seed of IMM = 39054.1	size = 174
OPIM:
total time = 0.033854 time select seed = 0.021737
total = 3770 selected = 174 unselected = 3596
seed of OPIM = 39140.7	size = 174
Threshold(xi = 0.05 ):
total time = 0.025229 time select seed = 0.021414
total = 3770 selected = 173 unselected = 3326
seed of OPIM = 39048.9	size = 173

apsize = 200 k = 1 rrsize = 10000000
ap avg degree = 22.12
IMM:
total time = 0.180369 time select seed = 0.175425
total = 4390 selected = 182 unselected = 4208
seed of IMM = 30790.9	size = 182
OPIM:
total time = 0.188953 time select seed = 0.173871
total = 4390 selected = 182 unselected = 4208
seed of OPIM = 30690.9	size = 182
Threshold(xi = 0.05 ):
total time = 0.177488 time select seed = 0.173602
total = 4390 selected = 176 unselected = 4018
seed of OPIM = 30716.9	size = 176

apsize = 200 k = 2 rrsize = 10000
ap avg degree = 18.325
IMM:
total time = 0.004927 time select seed = 0.000807
total = 3658 selected = 309 unselected = 3349
seed of IMM = 35770.5	size = 309
OPIM:
total time = 0.015295 time select seed = 0.000945
total = 3658 selected = 309 unselected = 3349
seed of OPIM = 37953.7	size = 309
Threshold(xi = 0.05 ):
total time = 0.003929 time select seed = 0.000704
total = 3658 selected = 164 unselected = 527
seed of OPIM = 33567.2	size = 164

apsize = 200 k = 2 rrsize = 100000
ap avg degree = 17.225
IMM:
total time = 0.007295 time select seed = 0.002963
total = 3434 selected = 323 unselected = 3111
seed of IMM = 41502.5	size = 323
OPIM:
total time = 0.019046 time select seed = 0.003186
total = 3434 selected = 323 unselected = 3111
seed of OPIM = 41592	size = 323
Threshold(xi = 0.05 ):
total time = 0.006596 time select seed = 0.002955
total = 3434 selected = 280 unselected = 2122
seed of OPIM = 41111.5	size = 280

apsize = 200 k = 2 rrsize = 1000000
ap avg degree = 18.445
IMM:
total time = 0.02332 time select seed = 0.018468
total = 3672 selected = 330 unselected = 3342
seed of IMM = 31992.1	size = 330
OPIM:
total time = 0.040227 time select seed = 0.019557
total = 3672 selected = 330 unselected = 3342
seed of OPIM = 32120	size = 330
Threshold(xi = 0.05 ):
total time = 0.022176 time select seed = 0.018547
total = 3672 selected = 329 unselected = 3210
seed of OPIM = 32004	size = 329

apsize = 200 k = 2 rrsize = 10000000
ap avg degree = 17.39
IMM:
total time = 0.233233 time select seed = 0.228023
total = 3470 selected = 324 unselected = 3146
seed of IMM = 43877.8	size = 324
OPIM:
total time = 0.250432 time select seed = 0.228816
total = 3470 selected = 324 unselected = 3146
seed of OPIM = 43875.9	size = 324
Threshold(xi = 0.05 ):
total time = 0.282933 time select seed = 0.273411
total = 3470 selected = 318 unselected = 3053
seed of OPIM = 43821.9	size = 318

apsize = 200 k = 5 rrsize = 10000
ap avg degree = 21.565
IMM:
total time = 0.005906 time select seed = 0.00127
total = 4296 selected = 757 unselected = 3539
seed of IMM = 44879.4	size = 757
OPIM:
total time = 0.040152 time select seed = 0.001627
total = 4296 selected = 757 unselected = 3539
seed of OPIM = 50169.6	size = 757
Threshold(xi = 0.05 ):
total time = 0.004369 time select seed = 0.000919
total = 4296 selected = 294 unselected = 401
seed of OPIM = 38063.1	size = 294

apsize = 200 k = 5 rrsize = 100000
ap avg degree = 19.855
IMM:
total time = 0.009081 time select seed = 0.004168
total = 3956 selected = 701 unselected = 3255
seed of IMM = 57588.5	size = 701
OPIM:
total time = 0.044678 time select seed = 0.004592
total = 3956 selected = 701 unselected = 3255
seed of OPIM = 58620.3	size = 701
Threshold(xi = 0.05 ):
total time = 0.008391 time select seed = 0.004147
total = 3956 selected = 604 unselected = 2071
seed of OPIM = 56923.6	size = 604

apsize = 200 k = 5 rrsize = 1000000
ap avg degree = 19.685
IMM:
total time = 0.032719 time select seed = 0.027082
total = 3916 selected = 725 unselected = 3191
seed of IMM = 52035	size = 725
OPIM:
total time = 0.074276 time select seed = 0.029665
total = 3916 selected = 725 unselected = 3191
seed of OPIM = 52117.4	size = 725
Threshold(xi = 0.05 ):
total time = 0.031623 time select seed = 0.027183
total = 3916 selected = 707 unselected = 3024
seed of OPIM = 52104.1	size = 707

apsize = 200 k = 5 rrsize = 10000000
ap avg degree = 17.665
IMM:
total time = 0.263273 time select seed = 0.256832
total = 3520 selected = 726 unselected = 2794
seed of IMM = 49645.1	size = 726
OPIM:
total time = 0.309822 time select seed = 0.262347
total = 3520 selected = 726 unselected = 2794
seed of OPIM = 49681.7	size = 726
Threshold(xi = 0.05 ):
total time = 0.262903 time select seed = 0.257954
total = 3520 selected = 722 unselected = 2788
seed of OPIM = 49570.1	size = 722

apsize = 200 k = 10 rrsize = 10000
ap avg degree = 16.575
IMM:
total time = 0.005835 time select seed = 0.001509
total = 3301 selected = 1199 unselected = 2102
seed of IMM = 52528.3	size = 1199
OPIM:
total time = 0.042601 time select seed = 0.001934
total = 3301 selected = 1199 unselected = 2102
seed of OPIM = 57351.2	size = 1199
Threshold(xi = 0.05 ):
total time = 0.004275 time select seed = 0.000846
total = 3301 selected = 302 unselected = 83
seed of OPIM = 39411.9	size = 302

apsize = 200 k = 10 rrsize = 100000
ap avg degree = 17.62
IMM:
total time = 0.009921 time select seed = 0.004618
total = 3515 selected = 1285 unselected = 2230
seed of IMM = 57126.4	size = 1285
OPIM:
total time = 0.070828 time select seed = 0.005631
total = 3515 selected = 1285 unselected = 2230
seed of OPIM = 57889.2	size = 1285
Threshold(xi = 0.05 ):
total time = 0.009094 time select seed = 0.004609
total = 3515 selected = 980 unselected = 1284
seed of OPIM = 54346.8	size = 980

apsize = 200 k = 10 rrsize = 1000000
ap avg degree = 18.04
IMM:
total time = 0.035326 time select seed = 0.028717
total = 3593 selected = 1230 unselected = 2363
seed of IMM = 52128.7	size = 1230
OPIM:
total time = 0.114135 time select seed = 0.035445
total = 3593 selected = 1230 unselected = 2363
seed of OPIM = 52089.9	size = 1230
Threshold(xi = 0.05 ):
total time = 0.03334 time select seed = 0.027956
total = 3593 selected = 1197 unselected = 2274
seed of OPIM = 51932.7	size = 1197

apsize = 200 k = 10 rrsize = 10000000
ap avg degree = 16.03
IMM:
total time = 0.276284 time select seed = 0.26866
total = 3198 selected = 1205 unselected = 1993
seed of IMM = 52075.5	size = 1205
OPIM:
total time = 0.351471 time select seed = 0.273996
total = 3198 selected = 1205 unselected = 1993
seed of OPIM = 52032.9	size = 1205
Threshold(xi = 0.05 ):
total time = 0.277575 time select seed = 0.271519
total = 3198 selected = 1205 unselected = 1993
seed of OPIM = 52145.9	size = 1205

apsize = 500 k = 1 rrsize = 10000
ap avg degree = 18.796
IMM:
total time = 0.006602 time select seed = 0.001005
total = 9311 selected = 436 unselected = 8875
seed of IMM = 40760.6	size = 436
OPIM:
total time = 0.054492 time select seed = 0.00122
total = 9311 selected = 436 unselected = 8875
seed of OPIM = 44956.7	size = 436
Threshold(xi = 0.05 ):
total time = 0.004945 time select seed = 0.00087
total = 9311 selected = 261 unselected = 1312
seed of OPIM = 38801.3	size = 261

apsize = 500 k = 1 rrsize = 100000
ap avg degree = 20.724
IMM:
total time = 0.010588 time select seed = 0.003946
total = 10245 selected = 447 unselected = 9798
seed of IMM = 56093.5	size = 447
OPIM:
total time = 0.071987 time select seed = 0.004502
total = 10245 selected = 447 unselected = 9798
seed of OPIM = 56769.8	size = 447
Threshold(xi = 0.05 ):
total time = 0.008823 time select seed = 0.003951
total = 10245 selected = 410 unselected = 6912
seed of OPIM = 55816.7	size = 410

apsize = 500 k = 1 rrsize = 1000000
ap avg degree = 18.85
IMM:
total time = 0.036486 time select seed = 0.029119
total = 9282 selected = 445 unselected = 8837
seed of IMM = 55508.7	size = 445
OPIM:
total time = 0.095161 time select seed = 0.030494
total = 9282 selected = 445 unselected = 8837
seed of OPIM = 55582.5	size = 445
Threshold(xi = 0.05 ):
total time = 0.034031 time select seed = 0.028972
total = 9282 selected = 441 unselected = 8489
seed of OPIM = 55499.9	size = 441

apsize = 500 k = 1 rrsize = 10000000
ap avg degree = 17.448
IMM:
total time = 0.274213 time select seed = 0.266516
total = 8629 selected = 426 unselected = 8203
seed of IMM = 51588	size = 426
OPIM:
total time = 0.330771 time select seed = 0.269735
total = 8629 selected = 426 unselected = 8203
seed of OPIM = 51584.2	size = 426
Threshold(xi = 0.05 ):
total time = 0.286877 time select seed = 0.280863
total = 8629 selected = 423 unselected = 8064
seed of OPIM = 51629.5	size = 423

apsize = 500 k = 2 rrsize = 10000
ap avg degree = 18.102
IMM:
total time = 0.007263 time select seed = 0.001425
total = 8964 selected = 850 unselected = 8114
seed of IMM = 41170.3	size = 850
OPIM:
total time = 0.113659 time select seed = 0.00203
total = 8964 selected = 850 unselected = 8114
seed of OPIM = 49217.9	size = 850
Threshold(xi = 0.05 ):
total time = 0.005424 time select seed = 0.001067
total = 8964 selected = 397 unselected = 1090
seed of OPIM = 35462.7	size = 397

apsize = 500 k = 2 rrsize = 100000
ap avg degree = 19.54
IMM:
total time = 0.012411 time select seed = 0.005039
total = 9668 selected = 827 unselected = 8841
seed of IMM = 65772.8	size = 827
OPIM:
total time = 0.12793 time select seed = 0.005597
total = 9668 selected = 827 unselected = 8841
seed of OPIM = 67227.5	size = 827
Threshold(xi = 0.05 ):
total time = 0.009523 time select seed = 0.004685
total = 9668 selected = 714 unselected = 6035
seed of OPIM = 64945.5	size = 714

apsize = 500 k = 2 rrsize = 1000000
ap avg degree = 16.99
IMM:
total time = 0.042529 time select seed = 0.034573
total = 8400 selected = 827 unselected = 7573
seed of IMM = 72015.4	size = 827
OPIM:
total time = 0.153506 time select seed = 0.036727
total = 8400 selected = 827 unselected = 7573
seed of OPIM = 71884.7	size = 827
Threshold(xi = 0.05 ):
total time = 0.045234 time select seed = 0.035102
total = 8400 selected = 812 unselected = 7299
seed of OPIM = 71863.8	size = 812

apsize = 500 k = 2 rrsize = 10000000
ap avg degree = 20.442
IMM:
total time = 0.372785 time select seed = 0.362659
total = 10119 selected = 838 unselected = 9281
seed of IMM = 76499.7	size = 838
OPIM:
total time = 0.502097 time select seed = 0.366271
total = 10119 selected = 838 unselected = 9281
seed of OPIM = 76457.8	size = 838
Threshold(xi = 0.05 ):
total time = 0.375368 time select seed = 0.368155
total = 10119 selected = 838 unselected = 9258
seed of OPIM = 76479.9	size = 838

apsize = 500 k = 5 rrsize = 10000
ap avg degree = 17.738
IMM:
total time = 0.008737 time select seed = 0.002225
total = 8779 selected = 1837 unselected = 6942
seed of IMM = 69039.4	size = 1837
OPIM:
total time = 0.263887 time select seed = 0.003693
total = 8779 selected = 1837 unselected = 6942
seed of OPIM = 79437.6	size = 1837
Threshold(xi = 0.05 ):
total time = 0.006336 time select seed = 0.001256
total = 8779 selected = 553 unselected = 463
seed of OPIM = 54234.1	size = 553

apsize = 500 k = 5 rrsize = 100000
ap avg degree = 19.756
IMM:
total time = 0.015505 time select seed = 0.006856
total = 9763 selected = 1856 unselected = 7907
seed of IMM = 90695.2	size = 1856
OPIM:
total time = 0.350152 time select seed = 0.009122
total = 9763 selected = 1856 unselected = 7907
seed of OPIM = 93159.8	size = 1856
Threshold(xi = 0.05 ):
total time = 0.012869 time select seed = 0.006286
total = 9763 selected = 1516 unselected = 5149
seed of OPIM = 87933.2	size = 1516

apsize = 500 k = 5 rrsize = 1000000
ap avg degree = 19.588
IMM:
total time = 0.055077 time select seed = 0.044142
total = 9697 selected = 1830 unselected = 7867
seed of IMM = 97841.9	size = 1830
OPIM:
total time = 0.349364 time select seed = 0.047844
total = 9697 selected = 1830 unselected = 7867
seed of OPIM = 97964.3	size = 1830
Threshold(xi = 0.05 ):
total time = 0.05171 time select seed = 0.043581
total = 9697 selected = 1786 unselected = 7538
seed of OPIM = 97697.8	size = 1786

apsize = 500 k = 5 rrsize = 10000000
ap avg degree = 21.12
IMM:
total time = 0.463478 time select seed = 0.449875
total = 10439 selected = 1875 unselected = 8564
seed of IMM = 103208	size = 1875
OPIM:
total time = 0.824073 time select seed = 0.463565
total = 10439 selected = 1875 unselected = 8564
seed of OPIM = 103119	size = 1875
Threshold(xi = 0.05 ):
total time = 0.464988 time select seed = 0.455137
total = 10439 selected = 1875 unselected = 8555
seed of OPIM = 103122	size = 1875

apsize = 500 k = 10 rrsize = 10000
ap avg degree = 19.07
IMM:
total time = 0.011284 time select seed = 0.003453
total = 9422 selected = 3230 unselected = 6192
seed of IMM = 92915.7	size = 3230
OPIM:
total time = 0.474618 time select seed = 0.005631
total = 9422 selected = 3230 unselected = 6192
seed of OPIM = 106153	size = 3230
Threshold(xi = 0.05 ):
total time = 0.008121 time select seed = 0.001489
total = 9422 selected = 676 unselected = 153
seed of OPIM = 62564	size = 676

apsize = 500 k = 10 rrsize = 100000
ap avg degree = 18.918
IMM:
total time = 0.017551 time select seed = 0.008199
total = 9377 selected = 3220 unselected = 6157
seed of IMM = 109306	size = 3220
OPIM:
total time = 0.523863 time select seed = 0.011251
total = 9377 selected = 3220 unselected = 6157
seed of OPIM = 111941	size = 3220
Threshold(xi = 0.05 ):
total time = 0.015656 time select seed = 0.007392
total = 9377 selected = 2272 unselected = 3847
seed of OPIM = 102404	size = 2272

apsize = 500 k = 10 rrsize = 1000000
ap avg degree = 19.078
IMM:
total time = 0.063483 time select seed = 0.050906
total = 9442 selected = 3072 unselected = 6370
seed of IMM = 118228	size = 3072
OPIM:
total time = 0.608402 time select seed = 0.057806
total = 9442 selected = 3071 unselected = 6371
seed of OPIM = 118424	size = 3071
Threshold(xi = 0.05 ):
total time = 0.060569 time select seed = 0.050071
total = 9442 selected = 2975 unselected = 6108
seed of OPIM = 117897	size = 2975

apsize = 500 k = 10 rrsize = 10000000
ap avg degree = 18.17
IMM:
total time = 0.536861 time select seed = 0.520158
total = 8994 selected = 3138 unselected = 5856
seed of IMM = 124626	size = 3138
OPIM:
total time = 1.06433 time select seed = 0.527451
total = 8994 selected = 3138 unselected = 5856
seed of OPIM = 124609	size = 3138
Threshold(xi = 0.05 ):
total time = 0.525366 time select seed = 0.512576
total = 8994 selected = 3138 unselected = 5856
seed of OPIM = 124577	size = 3138

apsize = 1000 k = 1 rrsize = 10000
ap avg degree = 18.16
IMM:
total time = 0.009052 time select seed = 0.001483
total = 17784 selected = 877 unselected = 16907
seed of IMM = 54033.1	size = 877
OPIM:
total time = 0.218082 time select seed = 0.002238
total = 17784 selected = 877 unselected = 16907
seed of OPIM = 60718.7	size = 877
Threshold(xi = 0.05 ):
total time = 0.006254 time select seed = 0.001183
total = 17784 selected = 468 unselected = 2516
seed of OPIM = 50250.2	size = 468

apsize = 1000 k = 1 rrsize = 100000
ap avg degree = 18.267
IMM:
total time = 0.014825 time select seed = 0.005321
total = 17909 selected = 864 unselected = 17045
seed of IMM = 72624	size = 864
OPIM:
total time = 0.235653 time select seed = 0.006503
total = 17909 selected = 865 unselected = 17044
seed of OPIM = 74005.2	size = 865
Threshold(xi = 0.05 ):
total time = 0.020726 time select seed = 0.009842
total = 17909 selected = 782 unselected = 12035
seed of OPIM = 71715	size = 782

apsize = 1000 k = 1 rrsize = 1000000
ap avg degree = 19.49
IMM:
total time = 0.051273 time select seed = 0.039075
total = 19050 selected = 884 unselected = 18166
seed of IMM = 83274.8	size = 884
OPIM:
total time = 0.30726 time select seed = 0.043367
total = 19050 selected = 884 unselected = 18166
seed of OPIM = 83195.3	size = 884
Threshold(xi = 0.05 ):
total time = 0.048132 time select seed = 0.039924
total = 19050 selected = 877 unselected = 17565
seed of OPIM = 83042.8	size = 877

apsize = 1000 k = 1 rrsize = 10000000
ap avg degree = 18.984
IMM:
total time = 0.40635 time select seed = 0.389123
total = 18620 selected = 870 unselected = 17750
seed of IMM = 79786.5	size = 870
OPIM:
total time = 0.645685 time select seed = 0.391548
total = 18620 selected = 870 unselected = 17750
seed of OPIM = 79764.1	size = 870
Threshold(xi = 0.05 ):
total time = 0.397472 time select seed = 0.388373
total = 18620 selected = 870 unselected = 17699
seed of OPIM = 79756.5	size = 870

apsize = 1000 k = 2 rrsize = 10000
ap avg degree = 19.128
IMM:
total time = 0.011165 time select seed = 0.002326
total = 18677 selected = 1676 unselected = 17001
seed of IMM = 73535.7	size = 1676
OPIM:
total time = 0.450986 time select seed = 0.005329
total = 18677 selected = 1676 unselected = 17001
seed of OPIM = 86370.4	size = 1676
Threshold(xi = 0.05 ):
total time = 0.007684 time select seed = 0.001686
total = 18677 selected = 736 unselected = 2232
seed of OPIM = 63741.4	size = 736

apsize = 1000 k = 2 rrsize = 100000
ap avg degree = 20.243
IMM:
total time = 0.017726 time select seed = 0.006638
total = 19816 selected = 1655 unselected = 18161
seed of IMM = 93477.8	size = 1655
OPIM:
total time = 0.506702 time select seed = 0.008831
total = 19816 selected = 1655 unselected = 18161
seed of OPIM = 95647	size = 1655
Threshold(xi = 0.05 ):
total time = 0.014526 time select seed = 0.006518
total = 19816 selected = 1418 unselected = 12527
seed of OPIM = 90939.8	size = 1418

apsize = 1000 k = 2 rrsize = 1000000
ap avg degree = 16.609
IMM:
total time = 0.059957 time select seed = 0.046499
total = 16360 selected = 1672 unselected = 14688
seed of IMM = 107440	size = 1672
OPIM:
total time = 0.545963 time select seed = 0.053632
total = 16360 selected = 1672 unselected = 14688
seed of OPIM = 107446	size = 1672
Threshold(xi = 0.05 ):
total time = 0.056356 time select seed = 0.046734
total = 16360 selected = 1633 unselected = 14179
seed of OPIM = 107155	size = 1633

apsize = 1000 k = 2 rrsize = 10000000
ap avg degree = 19.031
IMM:
total time = 0.496753 time select seed = 0.479767
total = 18670 selected = 1686 unselected = 16984
seed of IMM = 112152	size = 1686
OPIM:
total time = 1.04023 time select seed = 0.511352
total = 18670 selected = 1686 unselected = 16984
seed of OPIM = 112117	size = 1686
Threshold(xi = 0.05 ):
total time = 0.503896 time select seed = 0.492193
total = 18670 selected = 1685 unselected = 16971
seed of OPIM = 112057	size = 1685

apsize = 1000 k = 5 rrsize = 10000
ap avg degree = 20.039
IMM:
total time = 0.015008 time select seed = 0.004214
total = 19638 selected = 3676 unselected = 15962
seed of IMM = 103164	size = 3676
OPIM:
total time = 1.1138 time select seed = 0.007543
total = 19638 selected = 3676 unselected = 15962
seed of OPIM = 123032	size = 3676
Threshold(xi = 0.05 ):
total time = 0.011236 time select seed = 0.001849
total = 19638 selected = 944 unselected = 970
seed of OPIM = 74819.2	size = 944

apsize = 1000 k = 5 rrsize = 100000
ap avg degree = 18.651
IMM:
total time = 0.022362 time select seed = 0.009431
total = 18220 selected = 3640 unselected = 14580
seed of IMM = 133788	size = 3640
OPIM:
total time = 1.14059 time select seed = 0.01411
total = 18220 selected = 3639 unselected = 14581
seed of OPIM = 137412	size = 3639
Threshold(xi = 0.05 ):
total time = 0.01987 time select seed = 0.008868
total = 18220 selected = 2838 unselected = 9490
seed of OPIM = 127986	size = 2838

apsize = 1000 k = 5 rrsize = 1000000
ap avg degree = 17.638
IMM:
total time = 0.072319 time select seed = 0.055389
total = 17296 selected = 3547 unselected = 13749
seed of IMM = 137442	size = 3547
OPIM:
total time = 1.18371 time select seed = 0.067407
total = 17296 selected = 3547 unselected = 13749
seed of OPIM = 137593	size = 3547
Threshold(xi = 0.05 ):
total time = 0.069409 time select seed = 0.0555
total = 17296 selected = 3452 unselected = 13249
seed of OPIM = 137131	size = 3452

apsize = 1000 k = 5 rrsize = 10000000
ap avg degree = 18.636
IMM:
total time = 0.603542 time select seed = 0.575521
total = 18241 selected = 3698 unselected = 14543
seed of IMM = 144906	size = 3698
OPIM:
total time = 1.82746 time select seed = 0.614221
total = 18241 selected = 3698 unselected = 14543
seed of OPIM = 144855	size = 3698
Threshold(xi = 0.05 ):
total time = 0.592094 time select seed = 0.575161
total = 18241 selected = 3697 unselected = 14543
seed of OPIM = 144859	size = 3697

apsize = 1000 k = 10 rrsize = 10000
ap avg degree = 17.826
IMM:
total time = 0.017427 time select seed = 0.005601
total = 17470 selected = 6080 unselected = 11390
seed of IMM = 126798	size = 6080
OPIM:
total time = 1.63911 time select seed = 0.010748
total = 17470 selected = 6083 unselected = 11387
seed of OPIM = 150474	size = 6083
Threshold(xi = 0.05 ):
total time = 0.012609 time select seed = 0.001899
total = 17470 selected = 1001 unselected = 64
seed of OPIM = 72866.4	size = 1001

apsize = 1000 k = 10 rrsize = 100000
ap avg degree = 17.676
IMM:
total time = 0.02826 time select seed = 0.012566
total = 17349 selected = 6277 unselected = 11072
seed of IMM = 155398	size = 6277
OPIM:
total time = 1.9892 time select seed = 0.019895
total = 17349 selected = 6275 unselected = 11074
seed of OPIM = 160288	size = 6275
Threshold(xi = 0.05 ):
total time = 0.025869 time select seed = 0.010455
total = 17349 selected = 4105 unselected = 6234
seed of OPIM = 140171	size = 4105

apsize = 1000 k = 10 rrsize = 1000000
ap avg degree = 18.72
IMM:
total time = 0.095322 time select seed = 0.071081
total = 18319 selected = 6431 unselected = 11888
seed of IMM = 178336	size = 6431
OPIM:
total time = 2.3663 time select seed = 0.085353
total = 18319 selected = 6432 unselected = 11887
seed of OPIM = 178520	size = 6432
Threshold(xi = 0.05 ):
total time = 0.089924 time select seed = 0.069025
total = 18319 selected = 6167 unselected = 11419
seed of OPIM = 177455	size = 6167

apsize = 1000 k = 10 rrsize = 10000000
ap avg degree = 18.442
IMM:
total time = 0.68211 time select seed = 0.649866
total = 18060 selected = 6253 unselected = 11807
seed of IMM = 176952	size = 6253
OPIM:
total time = 2.83924 time select seed = 0.701167
total = 18060 selected = 6253 unselected = 11807
seed of OPIM = 176948	size = 6253
Threshold(xi = 0.05 ):
total time = 0.687596 time select seed = 0.663543
total = 18060 selected = 6253 unselected = 11805
seed of OPIM = 176896	size = 6253

apsize = 100 k = 1 rrsize = 10000
ap avg degree = 16.19
IMM:
total time = 0.003632 time select seed = 0.000301
total = 1616 selected = 88 unselected = 1528
seed of IMM = 10775.2	size = 88
OPIM:
total time = 0.004565 time select seed = 0.000304
total = 1616 selected = 88 unselected = 1528
seed of OPIM = 11846.2	size = 88
Threshold(xi = 0.05 ):
total time = 0.003363 time select seed = 0.000289
total = 1616 selected = 56 unselected = 253
seed of OPIM = 10493.5	size = 56

apsize = 100 k = 1 rrsize = 100000
ap avg degree = 16.08
IMM:
total time = 0.00488 time select seed = 0.00154
total = 1607 selected = 82 unselected = 1525
seed of IMM = 16883.3	size = 82
OPIM:
total time = 0.006171 time select seed = 0.001647
total = 1607 selected = 82 unselected = 1525
seed of OPIM = 16967.1	size = 82
Threshold(xi = 0.05 ):
total time = 0.004577 time select seed = 0.001548
total = 1607 selected = 80 unselected = 1099
seed of OPIM = 16908	size = 80

apsize = 100 k = 1 rrsize = 1000000
ap avg degree = 20.35
IMM:
total time = 0.01739 time select seed = 0.013678
total = 2033 selected = 88 unselected = 1945
seed of IMM = 23138.4	size = 88
OPIM:
total time = 0.020234 time select seed = 0.01436
total = 2033 selected = 88 unselected = 1945
seed of OPIM = 23138.5	size = 88
Threshold(xi = 0.05 ):
total time = 0.017203 time select seed = 0.013815
total = 2033 selected = 84 unselected = 1764
seed of OPIM = 23177.6	size = 84

apsize = 100 k = 1 rrsize = 10000000
ap avg degree = 20.22
IMM:
total time = 0.091327 time select seed = 0.083021
total = 2015 selected = 82 unselected = 1933
seed of IMM = 13375.5	size = 82
OPIM:
total time = 0.092796 time select seed = 0.082064
total = 2015 selected = 82 unselected = 1933
seed of OPIM = 13288	size = 82
Threshold(xi = 0.05 ):
total time = 0.086623 time select seed = 0.083166
total = 2015 selected = 79 unselected = 1844
seed of OPIM = 13296.9	size = 79

apsize = 100 k = 2 rrsize = 10000
ap avg degree = 17.36
IMM:
total time = 0.003899 time select seed = 0.000501
total = 1733 selected = 170 unselected = 1563
seed of IMM = 14072	size = 170
OPIM:
total time = 0.006781 time select seed = 0.000497
total = 1733 selected = 170 unselected = 1563
seed of OPIM = 15981	size = 170
Threshold(xi = 0.05 ):
total time = 0.003343 time select seed = 0.000419
total = 1733 selected = 99 unselected = 196
seed of OPIM = 13124.7	size = 99

apsize = 100 k = 2 rrsize = 100000
ap avg degree = 21.25
IMM:
total time = 0.005728 time select seed = 0.002025
total = 2119 selected = 170 unselected = 1949
seed of IMM = 24701	size = 170
OPIM:
total time = 0.009433 time select seed = 0.002136
total = 2119 selected = 170 unselected = 1949
seed of OPIM = 24773	size = 170
Threshold(xi = 0.05 ):
total time = 0.00535 time select seed = 0.00199
total = 2119 selected = 145 unselected = 1354
seed of OPIM = 24623.6	size = 145

apsize = 100 k = 2 rrsize = 1000000
ap avg degree = 21.88
IMM:
total time = 0.018159 time select seed = 0.014267
total = 2184 selected = 164 unselected = 2020
seed of IMM = 23371.3	size = 164
OPIM:
total time = 0.020883 time select seed = 0.014061
total = 2184 selected = 164 unselected = 2020
seed of OPIM = 23372.7	size = 164
Threshold(xi = 0.05 ):
total time = 0.017336 time select seed = 0.013942
total = 2184 selected = 161 unselected = 1888
seed of OPIM = 23332	size = 161

apsize = 100 k = 2 rrsize = 10000000
ap avg degree = 19.61
IMM:
total time = 0.164567 time select seed = 0.160387
total = 1956 selected = 162 unselected = 1794
seed of IMM = 28186.9	size = 162
OPIM:
total time = 0.169468 time select seed = 0.16071
total = 1956 selected = 162 unselected = 1794
seed of OPIM = 28103.1	size = 162
Threshold(xi = 0.05 ):
total time = 0.163003 time select seed = 0.159218
total = 1956 selected = 157 unselected = 1697
