4847571 68993773
apsize = 100 k = 1 rrsize = 1000000
ap avg degree = 10.68
RR set generation time = 91.6723 total size = 10301429
IMM:
total time = 0.041077 time select seed = 0.009855
total = 1056 selected = 88 unselected = 968
seed of IMM = 10625.9	size = 88

Threshold(xi = 0.05):
total time = 0.037369 time select seed = 0.007568
total = 1056 selected = 81 unselected = 818
seed of Threshold = 10625.9	size = 81

prob(alpha = 1):
total time = 0.039266 time select seed = 0.007572
total = 1068 selected = 88 unselected = 980
seed of prob = 10611.3	size = 88

prob(alpha = 1):
total time = 0.039271 time select seed = 0.006415
total = 1068 selected = 88 unselected = 980
seed of prob = 10616.2	size = 88

determined prob:
total time = 0.038481 time select seed = 0.005921
total = 1068 selected = 88 unselected = 980
seed of d-prob = 10625.9	size = 88


apsize = 200 k = 1 rrsize = 1000000
ap avg degree = 19.555
RR set generation time = 93.2744 total size = 10397219
IMM:
total time = 0.064832 time select seed = 0.029058
total = 3884 selected = 175 unselected = 3709
seed of IMM = 24887.4	size = 175

Threshold(xi = 0.05):
total time = 0.055276 time select seed = 0.022223
total = 3884 selected = 164 unselected = 3275
seed of Threshold = 24887.4	size = 164

prob(alpha = 1):
total time = 0.071955 time select seed = 0.022073
total = 3901 selected = 175 unselected = 3726
seed of prob = 24790.5	size = 175

prob(alpha = 1):
total time = 0.065952 time select seed = 0.018388
total = 3901 selected = 175 unselected = 3726
seed of prob = 24703.2	size = 175

determined prob:
total time = 0.063364 time select seed = 0.017801
total = 3901 selected = 175 unselected = 3726
seed of d-prob = 24882.6	size = 175


apsize = 500 k = 1 rrsize = 1000000
ap avg degree = 11.918
RR set generation time = 91.2581 total size = 10345252
IMM:
total time = 0.073436 time select seed = 0.034495
total = 5885 selected = 439 unselected = 5446
seed of IMM = 56847.5	size = 439

Threshold(xi = 0.05):
total time = 0.072077 time select seed = 0.035954
total = 5885 selected = 421 unselected = 4635
seed of Threshold = 56842.6	size = 421

prob(alpha = 1):
total time = 0.113628 time select seed = 0.034546
total = 5936 selected = 441 unselected = 5495
seed of prob = 56508.1	size = 441

prob(alpha = 1):
total time = 0.110985 time select seed = 0.031228
total = 5936 selected = 441 unselected = 5495
seed of prob = 56304.5	size = 441

determined prob:
total time = 0.114623 time select seed = 0.036098
total = 5936 selected = 441 unselected = 5495
seed of d-prob = 57152.9	size = 441


apsize = 1000 k = 1 rrsize = 1000000
ap avg degree = 16.347
RR set generation time = 95.843 total size = 10314013
IMM:
total time = 0.119354 time select seed = 0.062106
total = 16071 selected = 896 unselected = 15175
seed of IMM = 100786	size = 896

Threshold(xi = 0.05):
total time = 0.103027 time select seed = 0.057706
total = 16071 selected = 838 unselected = 13212
seed of Threshold = 100776	size = 838

prob(alpha = 1):
total time = 0.315232 time select seed = 0.058087
total = 16179 selected = 897 unselected = 15282
seed of prob = 97838.5	size = 897

prob(alpha = 1):
total time = 0.30966 time select seed = 0.05593
total = 16179 selected = 897 unselected = 15282
seed of prob = 97794.9	size = 897

determined prob:
total time = 0.276079 time select seed = 0.052769
total = 16179 selected = 897 unselected = 15282
seed of d-prob = 100636	size = 897


apsize = 100 k = 2 rrsize = 1000000
ap avg degree = 11.38
RR set generation time = 92.1855 total size = 10350201
IMM:
total time = 0.04102 time select seed = 0.010408
total = 1129 selected = 152 unselected = 977
seed of IMM = 12550.4	size = 152

Threshold(xi = 0.05):
total time = 0.041502 time select seed = 0.010677
total = 1129 selected = 146 unselected = 849
seed of Threshold = 12545.5	size = 146

prob(alpha = 1):
total time = 0.051914 time select seed = 0.013013
total = 1138 selected = 152 unselected = 986
seed of prob = 12487.3	size = 152

prob(alpha = 1):
total time = 0.056902 time select seed = 0.013344
total = 1138 selected = 152 unselected = 986
seed of prob = 12492.2	size = 152

determined prob:
total time = 0.044507 time select seed = 0.007991
total = 1138 selected = 152 unselected = 986
seed of d-prob = 12545.5	size = 152


apsize = 200 k = 2 rrsize = 1000000
ap avg degree = 13.93
RR set generation time = 92.2354 total size = 10325125
IMM:
total time = 0.056108 time select seed = 0.022361
total = 2750 selected = 311 unselected = 2439
seed of IMM = 29715.6	size = 311

Threshold(xi = 0.05):
total time = 0.05365 time select seed = 0.022087
total = 2750 selected = 296 unselected = 2141
seed of Threshold = 29720.5	size = 296

prob(alpha = 1):
total time = 0.071989 time select seed = 0.022011
total = 2776 selected = 313 unselected = 2463
seed of prob = 29628.4	size = 313

prob(alpha = 1):
total time = 0.067203 time select seed = 0.019279
total = 2776 selected = 313 unselected = 2463
seed of prob = 29691.4	size = 313

determined prob:
total time = 0.066187 time select seed = 0.019289
total = 2776 selected = 313 unselected = 2463
seed of d-prob = 29730.2	size = 313


apsize = 500 k = 2 rrsize = 1000000
ap avg degree = 16.326
RR set generation time = 92.2651 total size = 10321101
IMM:
total time = 0.089159 time select seed = 0.045683
total = 8060 selected = 802 unselected = 7258
seed of IMM = 74798	size = 802

Threshold(xi = 0.05):
total time = 0.081999 time select seed = 0.044667
total = 8060 selected = 755 unselected = 6288
seed of Threshold = 74802.9	size = 755

prob(alpha = 1):
total time = 0.165371 time select seed = 0.044201
total = 8101 selected = 804 unselected = 7297
seed of prob = 74652.6	size = 804

prob(alpha = 1):
total time = 0.163111 time select seed = 0.040563
total = 8101 selected = 804 unselected = 7297
seed of prob = 74560.5	size = 804

determined prob:
total time = 0.154668 time select seed = 0.040064
total = 8101 selected = 804 unselected = 7297
seed of d-prob = 74846.5	size = 804


apsize = 1000 k = 2 rrsize = 1000000
ap avg degree = 14.695
RR set generation time = 91.6302 total size = 10387075
IMM:
total time = 0.132225 time select seed = 0.075246
total = 14383 selected = 1619 unselected = 12764
seed of IMM = 146789	size = 1619

Threshold(xi = 0.05):
total time = 0.126357 time select seed = 0.074579
total = 14383 selected = 1483 unselected = 10982
seed of Threshold = 146736	size = 1483

prob(alpha = 1):
total time = 0.45671 time select seed = 0.088762
total = 14494 selected = 1629 unselected = 12865
seed of prob = 146300	size = 1629

prob(alpha = 1):
total time = 0.451098 time select seed = 0.083585
total = 14494 selected = 1629 unselected = 12865
seed of prob = 146145	size = 1629

determined prob:
total time = 0.45721 time select seed = 0.089297
total = 14494 selected = 1629 unselected = 12865
seed of d-prob = 146591	size = 1629


apsize = 100 k = 5 rrsize = 1000000
ap avg degree = 16.33
RR set generation time = 91.2614 total size = 10339232
IMM:
total time = 0.051303 time select seed = 0.019709
total = 1612 selected = 341 unselected = 1271
seed of IMM = 22453.9	size = 341

Threshold(xi = 0.05):
total time = 0.049091 time select seed = 0.017884
total = 1612 selected = 308 unselected = 1128
seed of Threshold = 22439.4	size = 308

prob(alpha = 1):
total time = 0.058887 time select seed = 0.017468
total = 1630 selected = 346 unselected = 1284
seed of prob = 22449.1	size = 346

prob(alpha = 1):
total time = 0.056953 time select seed = 0.014404
total = 1630 selected = 346 unselected = 1284
seed of prob = 22381.2	size = 346

determined prob:
total time = 0.053637 time select seed = 0.014377
total = 1630 selected = 346 unselected = 1284
seed of d-prob = 22453.9	size = 346


apsize = 200 k = 5 rrsize = 1000000
ap avg degree = 14.855
RR set generation time = 89.569 total size = 10375290
IMM:
total time = 0.066291 time select seed = 0.031938
total = 2935 selected = 598 unselected = 2337
seed of IMM = 45799.9	size = 598

Threshold(xi = 0.05):
total time = 0.06824 time select seed = 0.033475
total = 2935 selected = 541 unselected = 2072
seed of Threshold = 45824.1	size = 541

prob(alpha = 1):
total time = 0.098234 time select seed = 0.033585
total = 2958 selected = 604 unselected = 2354
seed of prob = 45824.1	size = 604

prob(alpha = 1):
total time = 0.107746 time select seed = 0.037277
total = 2958 selected = 604 unselected = 2354
seed of prob = 45828.9	size = 604

determined prob:
total time = 0.100457 time select seed = 0.03688
total = 2958 selected = 604 unselected = 2354
seed of d-prob = 45872.6	size = 604


apsize = 500 k = 5 rrsize = 1000000
ap avg degree = 12.968
RR set generation time = 89.1177 total size = 10325040
IMM:
total time = 0.100931 time select seed = 0.055948
total = 6415 selected = 1574 unselected = 4841
seed of IMM = 93010.3	size = 1574

Threshold(xi = 0.05):
total time = 0.091048 time select seed = 0.052399
total = 6415 selected = 1375 unselected = 4023
seed of Threshold = 93000.6	size = 1375

prob(alpha = 1):
total time = 0.235057 time select seed = 0.053492
total = 6463 selected = 1586 unselected = 4877
seed of prob = 92981.3	size = 1586

prob(alpha = 1):
total time = 0.233001 time select seed = 0.049716
total = 6463 selected = 1586 unselected = 4877
seed of prob = 93044.3	size = 1586

determined prob:
total time = 0.219411 time select seed = 0.048584
total = 6463 selected = 1586 unselected = 4877
seed of d-prob = 93087.9	size = 1586


apsize = 1000 k = 5 rrsize = 1000000
ap avg degree = 12.411
RR set generation time = 89.6476 total size = 10339545
IMM:
total time = 0.140743 time select seed = 0.081379
total = 12179 selected = 3167 unselected = 9012
seed of IMM = 166761	size = 3167

Threshold(xi = 0.05):
total time = 0.13721 time select seed = 0.084755
total = 12179 selected = 2777 unselected = 7633
seed of Threshold = 166834	size = 2777

prob(alpha = 1):
total time = 0.689653 time select seed = 0.087196
total = 12289 selected = 3191 unselected = 9098
seed of prob = 166664	size = 3191

prob(alpha = 1):
total time = 0.658373 time select seed = 0.07869
total = 12289 selected = 3191 unselected = 9098
seed of prob = 166640	size = 3191

determined prob:
total time = 0.645027 time select seed = 0.078586
total = 12289 selected = 3191 unselected = 9098
seed of d-prob = 166805	size = 3191


apsize = 100 k = 10 rrsize = 1000000
ap avg degree = 12.76
RR set generation time = 90.2871 total size = 10378277
IMM:
total time = 0.04804 time select seed = 0.016337
total = 1257 selected = 553 unselected = 704
seed of IMM = 23917.9	size = 553

Threshold(xi = 0.05):
total time = 0.047935 time select seed = 0.016684
total = 1257 selected = 482 unselected = 569
seed of Threshold = 23913.1	size = 482

prob(alpha = 1):
total time = 0.058625 time select seed = 0.016291
total = 1269 selected = 555 unselected = 714
seed of prob = 23917.9	size = 555

prob(alpha = 1):
total time = 0.059999 time select seed = 0.014943
total = 1269 selected = 555 unselected = 714
seed of prob = 23917.9	size = 555

determined prob:
total time = 0.063496 time select seed = 0.017272
total = 1269 selected = 555 unselected = 714
seed of d-prob = 23917.9	size = 555


apsize = 200 k = 10 rrsize = 1000000
ap avg degree = 15.715
RR set generation time = 89.2693 total size = 10294391
IMM:
total time = 0.078227 time select seed = 0.040932
total = 3108 selected = 1127 unselected = 1981
seed of IMM = 67148.6	size = 1127

Threshold(xi = 0.05):
total time = 0.076732 time select seed = 0.041302
total = 3108 selected = 950 unselected = 1680
seed of Threshold = 67114.6	size = 950

prob(alpha = 1):
total time = 0.130575 time select seed = 0.041444
total = 3134 selected = 1137 unselected = 1997
seed of prob = 67187.3	size = 1137

prob(alpha = 1):
total time = 0.125112 time select seed = 0.037993
total = 3134 selected = 1137 unselected = 1997
seed of prob = 67172.8	size = 1137

determined prob:
total time = 0.11576 time select seed = 0.037673
total = 3134 selected = 1137 unselected = 1997
seed of d-prob = 67187.3	size = 1137


apsize = 500 k = 10 rrsize = 1000000
ap avg degree = 15.104
RR set generation time = 89.649 total size = 10328504
IMM:
total time = 0.115885 time select seed = 0.067576
total = 7457 selected = 2625 unselected = 4832
seed of IMM = 130899	size = 2625

Threshold(xi = 0.05):
total time = 0.112091 time select seed = 0.068191
total = 7457 selected = 2214 unselected = 3992
seed of Threshold = 130894	size = 2214

prob(alpha = 1):
total time = 0.353402 time select seed = 0.071049
total = 7505 selected = 2641 unselected = 4864
seed of prob = 131136	size = 2641

prob(alpha = 1):
total time = 0.336982 time select seed = 0.064555
total = 7505 selected = 2641 unselected = 4864
seed of prob = 131156	size = 2641

determined prob:
total time = 0.340084 time select seed = 0.067133
total = 7505 selected = 2641 unselected = 4864
seed of d-prob = 131195	size = 2641


apsize = 1000 k = 10 rrsize = 1000000
ap avg degree = 13.706
RR set generation time = 90.1503 total size = 10369378
IMM:
total time = 0.171589 time select seed = 0.103275
total = 13437 selected = 5042 unselected = 8395
seed of IMM = 234690	size = 5042

Threshold(xi = 0.05):
total time = 0.162613 time select seed = 0.102679
total = 13437 selected = 4223 unselected = 7043
seed of Threshold = 234695	size = 4223

prob(alpha = 1):
total time = 0.980959 time select seed = 0.107204
total = 13536 selected = 5073 unselected = 8463
seed of prob = 235131	size = 5073

prob(alpha = 1):
total time = 0.972888 time select seed = 0.105555
total = 13536 selected = 5072 unselected = 8464
seed of prob = 235097	size = 5072

determined prob:
total time = 0.984086 time select seed = 0.108324
total = 13536 selected = 5072 unselected = 8464
seed of d-prob = 235112	size = 5072


apsize = 100 k = 1 rrsize = 10000000
ap avg degree = 13.87
RR set generation time = 891.602 total size = 103579842
IMM:
total time = 0.115903 time select seed = 0.083604
total = 1374 selected = 87 unselected = 1287
seed of IMM = 11280.3	size = 87

Threshold(xi = 0.05):
total time = 0.11606 time select seed = 0.084592
total = 1374 selected = 87 unselected = 1257
seed of Threshold = 11277.4	size = 87

prob(alpha = 1):
total time = 0.121404 time select seed = 0.084346
total = 1387 selected = 88 unselected = 1299
seed of prob = 11243.9	size = 88

prob(alpha = 1):
total time = 0.113629 time select seed = 0.077283
total = 1387 selected = 88 unselected = 1299
seed of prob = 11189.6	size = 88

determined prob:
total time = 0.114342 time select seed = 0.078446
total = 1387 selected = 88 unselected = 1299
seed of d-prob = 11280.3	size = 88


apsize = 200 k = 1 rrsize = 10000000
ap avg degree = 16.115
RR set generation time = 888.297 total size = 103611953
IMM:
total time = 0.134189 time select seed = 0.097718
total = 3191 selected = 181 unselected = 3010
seed of IMM = 16646.6	size = 181

Threshold(xi = 0.05):
total time = 0.13348 time select seed = 0.09943
total = 3191 selected = 181 unselected = 2987
seed of Threshold = 16642.2	size = 181

prob(alpha = 1):
total time = 0.144494 time select seed = 0.097152
total = 3217 selected = 183 unselected = 3034
seed of prob = 16486.6	size = 183

prob(alpha = 1):
total time = 0.140198 time select seed = 0.093634
total = 3217 selected = 183 unselected = 3034
seed of prob = 16545.7	size = 183

determined prob:
total time = 0.138342 time select seed = 0.092567
total = 3217 selected = 183 unselected = 3034
seed of d-prob = 16643.7	size = 183


apsize = 500 k = 1 rrsize = 10000000
ap avg degree = 12.202
RR set generation time = 884.953 total size = 103443334
IMM:
total time = 0.326698 time select seed = 0.28469
total = 6030 selected = 437 unselected = 5593
seed of IMM = 48166.9	size = 437

Threshold(xi = 0.05):
total time = 0.323428 time select seed = 0.28591
total = 6030 selected = 436 unselected = 5487
seed of Threshold = 48155.3	size = 436

prob(alpha = 1):
total time = 0.368326 time select seed = 0.282129
total = 6075 selected = 438 unselected = 5637
seed of prob = 47824.7	size = 438

prob(alpha = 1):
total time = 0.360519 time select seed = 0.274873
total = 6075 selected = 438 unselected = 5637
seed of prob = 47898.8	size = 438

determined prob:
total time = 0.37055 time select seed = 0.286592
total = 6075 selected = 438 unselected = 5637
seed of d-prob = 48166.4	size = 438


apsize = 1000 k = 1 rrsize = 10000000
ap avg degree = 15.424
RR set generation time = 887.402 total size = 103388477
IMM:
total time = 0.552911 time select seed = 0.493759
total = 15069 selected = 891 unselected = 14178
seed of IMM = 90359.2	size = 891

Threshold(xi = 0.05):
total time = 0.522478 time select seed = 0.475199
total = 15069 selected = 889 unselected = 14075
seed of Threshold = 90351	size = 889

prob(alpha = 1):
total time = 0.743203 time select seed = 0.494106
total = 15178 selected = 894 unselected = 14284
seed of prob = 88914.1	size = 894

prob(alpha = 1):
total time = 0.739117 time select seed = 0.486588
total = 15178 selected = 894 unselected = 14284
seed of prob = 89111.9	size = 894

determined prob:
total time = 0.734658 time select seed = 0.48955
total = 15178 selected = 894 unselected = 14284
seed of d-prob = 89604.9	size = 894


apsize = 100 k = 2 rrsize = 10000000
ap avg degree = 13.71
RR set generation time = 893.91 total size = 103639488
IMM:
total time = 0.130468 time select seed = 0.098306
total = 1358 selected = 162 unselected = 1196
seed of IMM = 15458.4	size = 162

Threshold(xi = 0.05):
total time = 0.130332 time select seed = 0.09903
total = 1358 selected = 162 unselected = 1189
seed of Threshold = 15448.2	size = 162

prob(alpha = 1):
total time = 0.13636 time select seed = 0.098219
total = 1369 selected = 162 unselected = 1207
seed of prob = 15278.6	size = 162

prob(alpha = 1):
total time = 0.170407 time select seed = 0.128975
total = 1369 selected = 162 unselected = 1207
seed of prob = 15363.4	size = 162

determined prob:
total time = 0.137524 time select seed = 0.098601
total = 1369 selected = 162 unselected = 1207
seed of d-prob = 15457.9	size = 162


apsize = 200 k = 2 rrsize = 10000000
ap avg degree = 14.44
RR set generation time = 891.888 total size = 103596978
IMM:
total time = 0.248298 time select seed = 0.212746
total = 2861 selected = 310 unselected = 2551
seed of IMM = 32026	size = 310

Threshold(xi = 0.05):
total time = 0.242782 time select seed = 0.209669
total = 2861 selected = 307 unselected = 2502
seed of Threshold = 32019.7	size = 307

prob(alpha = 1):
total time = 0.225617 time select seed = 0.171252
total = 2882 selected = 312 unselected = 2570
seed of prob = 27020.4	size = 312

prob(alpha = 1):
total time = 0.213268 time select seed = 0.161384
total = 2882 selected = 312 unselected = 2570
seed of prob = 27075.6	size = 312

determined prob:
total time = 0.24596 time select seed = 0.197693
total = 2882 selected = 312 unselected = 2570
seed of d-prob = 32023.1	size = 312


apsize = 500 k = 2 rrsize = 10000000
ap avg degree = 13.728
RR set generation time = 884.282 total size = 103506559
IMM:
total time = 0.398186 time select seed = 0.354459
total = 6774 selected = 793 unselected = 5981
seed of IMM = 63744.1	size = 793

Threshold(xi = 0.05):
total time = 0.435933 time select seed = 0.397332
total = 6774 selected = 792 unselected = 5939
seed of Threshold = 63729.6	size = 792

prob(alpha = 1):
total time = 0.476302 time select seed = 0.352464
total = 6839 selected = 796 unselected = 6043
seed of prob = 63422.2	size = 796

prob(alpha = 1):
total time = 0.462085 time select seed = 0.341022
total = 6839 selected = 796 unselected = 6043
seed of prob = 63542.9	size = 796

determined prob:
total time = 0.461859 time select seed = 0.343981
total = 6839 selected = 796 unselected = 6043
seed of d-prob = 63745.6	size = 796


apsize = 1000 k = 2 rrsize = 10000000
ap avg degree = 13.248
RR set generation time = 887.081 total size = 103453356
IMM:
total time = 0.634306 time select seed = 0.576058
total = 12743 selected = 1562 unselected = 11181
seed of IMM = 118144	size = 1562

Threshold(xi = 0.05):
total time = 0.621057 time select seed = 0.573591
total = 12743 selected = 1554 unselected = 11100
seed of Threshold = 118081	size = 1554

prob(alpha = 1):
total time = 0.956137 time select seed = 0.583931
total = 12850 selected = 1575 unselected = 11275
seed of prob = 118026	size = 1575

prob(alpha = 1):
total time = 0.998555 time select seed = 0.624286
total = 12850 selected = 1575 unselected = 11275
seed of prob = 117948	size = 1575

determined prob:
total time = 0.987193 time select seed = 0.624111
total = 12850 selected = 1575 unselected = 11275
seed of d-prob = 118419	size = 1575


apsize = 100 k = 5 rrsize = 10000000
ap avg degree = 16.35
RR set generation time = 883.75 total size = 103719716
IMM:
total time = 0.252167 time select seed = 0.219173
total = 1612 selected = 357 unselected = 1255
seed of IMM = 34526.8	size = 357

Threshold(xi = 0.05):
total time = 0.252296 time select seed = 0.220129
total = 1612 selected = 355 unselected = 1247
seed of Threshold = 34522.5	size = 355

prob(alpha = 1):
total time = 0.259602 time select seed = 0.215706
total = 1631 selected = 360 unselected = 1271
seed of prob = 34484.2	size = 360

prob(alpha = 1):
total time = 0.250899 time select seed = 0.207777
total = 1631 selected = 360 unselected = 1271
seed of prob = 34467.7	size = 360

determined prob:
total time = 0.274416 time select seed = 0.232322
total = 1631 selected = 360 unselected = 1271
seed of d-prob = 34525.9	size = 360


apsize = 200 k = 5 rrsize = 10000000
ap avg degree = 16.385
RR set generation time = 880.054 total size = 103435038
IMM:
total time = 0.309454 time select seed = 0.272497
total = 3247 selected = 585 unselected = 2662
seed of IMM = 43787.6	size = 585

Threshold(xi = 0.05):
total time = 0.304491 time select seed = 0.269917
total = 3247 selected = 578 unselected = 2646
seed of Threshold = 43761.9	size = 578

prob(alpha = 1):
total time = 0.332701 time select seed = 0.26318
total = 3270 selected = 589 unselected = 2681
seed of prob = 43110.4	size = 589

prob(alpha = 1):
total time = 0.339539 time select seed = 0.271554
total = 3270 selected = 589 unselected = 2681
seed of prob = 43126.9	size = 589

determined prob:
total time = 0.312969 time select seed = 0.254362
total = 3270 selected = 589 unselected = 2681
seed of d-prob = 43785.7	size = 589


apsize = 500 k = 5 rrsize = 10000000
ap avg degree = 15.39
RR set generation time = 882.95 total size = 103491728
IMM:
total time = 0.590489 time select seed = 0.541075
total = 7610 selected = 1633 unselected = 5977
seed of IMM = 110192	size = 1633

Threshold(xi = 0.05):
total time = 0.606252 time select seed = 0.563531
total = 7610 selected = 1612 unselected = 5929
seed of Threshold = 110053	size = 1612

prob(alpha = 1):
total time = 0.816778 time select seed = 0.592265
total = 7674 selected = 1642 unselected = 6032
seed of prob = 110134	size = 1642

prob(alpha = 1):
total time = 0.75062 time select seed = 0.541977
total = 7674 selected = 1641 unselected = 6033
seed of prob = 110060	size = 1641

determined prob:
total time = 0.747062 time select seed = 0.534751
total = 7674 selected = 1642 unselected = 6032
seed of d-prob = 110263	size = 1642


apsize = 1000 k = 5 rrsize = 10000000
ap avg degree = 13.462
RR set generation time = 884.122 total size = 103469118
IMM:
total time = 0.903849 time select seed = 0.834578
total = 13233 selected = 3173 unselected = 10060
seed of IMM = 186310	size = 3173

Threshold(xi = 0.05):
total time = 0.910154 time select seed = 0.85094
total = 13233 selected = 3153 unselected = 9975
seed of Threshold = 186299	size = 3153

prob(alpha = 1):
total time = 1.41327 time select seed = 0.803695
total = 13350 selected = 3201 unselected = 10149
seed of prob = 186137	size = 3201

prob(alpha = 1):
total time = 1.42561 time select seed = 0.806154
total = 13350 selected = 3201 unselected = 10149
seed of prob = 186097	size = 3201

determined prob:
total time = 1.40385 time select seed = 0.804067
total = 13350 selected = 3201 unselected = 10149
seed of d-prob = 186305	size = 3201


apsize = 100 k = 10 rrsize = 10000000
ap avg degree = 13.19
RR set generation time = 880.423 total size = 103624302
IMM:
total time = 0.245936 time select seed = 0.212202
total = 1312 selected = 489 unselected = 823
seed of IMM = 33800.7	size = 489

Threshold(xi = 0.05):
total time = 0.248543 time select seed = 0.216002
total = 1312 selected = 470 unselected = 820
seed of Threshold = 33784.2	size = 470

prob(alpha = 1):
total time = 0.256771 time select seed = 0.210493
total = 1319 selected = 492 unselected = 827
seed of prob = 33791	size = 492

prob(alpha = 1):
total time = 0.248851 time select seed = 0.203685
total = 1319 selected = 492 unselected = 827
seed of prob = 33779.3	size = 492

determined prob:
total time = 0.24592 time select seed = 0.203592
total = 1319 selected = 492 unselected = 827
seed of d-prob = 33801.1	size = 492


apsize = 200 k = 10 rrsize = 10000000
ap avg degree = 14.015
RR set generation time = 881.089 total size = 103478281
IMM:
total time = 0.400759 time select seed = 0.363008
total = 2778 selected = 1029 unselected = 1749
seed of IMM = 67966.8	size = 1029

Threshold(xi = 0.05):
total time = 0.40242 time select seed = 0.36673
total = 2778 selected = 1014 unselected = 1732
seed of Threshold = 67967.8	size = 1014

prob(alpha = 1):
total time = 0.49485 time select seed = 0.408345
total = 2798 selected = 1036 unselected = 1762
seed of prob = 67946.9	size = 1036

prob(alpha = 1):
total time = 0.448532 time select seed = 0.366974
total = 2798 selected = 1036 unselected = 1762
seed of prob = 67947.4	size = 1036

determined prob:
total time = 0.426548 time select seed = 0.35377
total = 2798 selected = 1036 unselected = 1762
seed of d-prob = 67969.2	size = 1036


apsize = 500 k = 10 rrsize = 10000000
ap avg degree = 13.328
RR set generation time = 876.524 total size = 103394055
IMM:
total time = 0.69108 time select seed = 0.638264
total = 6521 selected = 2694 unselected = 3827
seed of IMM = 139637	size = 2694

Threshold(xi = 0.05):
total time = 0.685601 time select seed = 0.639851
total = 6521 selected = 2654 unselected = 3794
seed of Threshold = 139616	size = 2654

prob(alpha = 1):
total time = 0.923359 time select seed = 0.644356
total = 6586 selected = 2718 unselected = 3868
seed of prob = 139552	size = 2718

prob(alpha = 1):
total time = 0.972977 time select seed = 0.658883
total = 6586 selected = 2718 unselected = 3868
seed of prob = 139556	size = 2718

determined prob:
total time = 0.966956 time select seed = 0.678874
total = 6586 selected = 2718 unselected = 3868
seed of d-prob = 139599	size = 2718


apsize = 1000 k = 10 rrsize = 10000000
ap avg degree = 14.166
RR set generation time = 878.751 total size = 103195193
IMM:
total time = 0.980949 time select seed = 0.898836
total = 13941 selected = 5086 unselected = 8855
seed of IMM = 225903	size = 5086

Threshold(xi = 0.05):
total time = 0.964574 time select seed = 0.899345
total = 13941 selected = 5015 unselected = 8796
seed of Threshold = 225891	size = 5015

prob(alpha = 1):
total time = 1.89172 time select seed = 0.949297
total = 14039 selected = 5122 unselected = 8917
seed of prob = 224256	size = 5122

prob(alpha = 1):
total time = 1.89479 time select seed = 0.948669
total = 14039 selected = 5122 unselected = 8917
seed of prob = 224251	size = 5122

determined prob:
total time = 1.79439 time select seed = 0.914526
total = 14039 selected = 5122 unselected = 8917
seed of d-prob = 225954	size = 5122


