1632803 30622564
apsize = 50 k = 1 rrsize = 1000000
ap avg degree = 24.54
RR set generation time = 101.158 total size = 16045295
IMM:
total time = 0.040437 time select seed = 0.028317
total = 1226 selected = 48 unselected = 1178
seed of IMM = 10310.2	size = 48

Threshold(xi = 0.05):
total time = 0.076799 time select seed = 0.054254
total = 1226 selected = 46 unselected = 1007
seed of Threshold = 10261.2	size = 46

prob(alpha = 0.9):
total time = 0.065236 time select seed = 0.047039
total = 1226 selected = 48 unselected = 1178
seed of prob = 9586.18	size = 48

prob(alpha = 0.95):
total time = 0.111109 time select seed = 0.085283
total = 1226 selected = 48 unselected = 1178
seed of prob = 9619.71	size = 48

prob(alpha = 1):
total time = 0.04992 time select seed = 0.038883
total = 1226 selected = 48 unselected = 1178
seed of prob = 9648.6	size = 48

determined prob:
total time = 0.063965 time select seed = 0.045991
total = 1226 selected = 48 unselected = 1178
seed of d-prob = 10304.9	size = 48


apsize = 100 k = 1 rrsize = 1000000
ap avg degree = 15.57
RR set generation time = 106.565 total size = 16143112
IMM:
total time = 0.072989 time select seed = 0.060969
total = 1547 selected = 87 unselected = 1460
seed of IMM = 21128.7	size = 87

Threshold(xi = 0.05):
total time = 0.06553 time select seed = 0.061006
total = 1547 selected = 82 unselected = 1297
seed of Threshold = 21089.1	size = 82

prob(alpha = 0.9):
total time = 0.068592 time select seed = 0.055018
total = 1549 selected = 87 unselected = 1462
seed of prob = 21097.9	size = 87

prob(alpha = 0.95):
total time = 0.062032 time select seed = 0.054245
total = 1549 selected = 87 unselected = 1462
seed of prob = 20943.6	size = 87

prob(alpha = 1):
total time = 0.061343 time select seed = 0.05371
total = 1549 selected = 87 unselected = 1462
seed of prob = 20998.6	size = 87

determined prob:
total time = 0.060783 time select seed = 0.053333
total = 1549 selected = 87 unselected = 1462
seed of d-prob = 21177.9	size = 87


apsize = 200 k = 1 rrsize = 1000000
ap avg degree = 20.835
RR set generation time = 101.525 total size = 16064052
IMM:
total time = 0.106611 time select seed = 0.089182
total = 4155 selected = 163 unselected = 3992
seed of IMM = 35197.3	size = 163

Threshold(xi = 0.05):
total time = 0.098151 time select seed = 0.090207
total = 4155 selected = 157 unselected = 3721
seed of Threshold = 35179.8	size = 157

prob(alpha = 0.9):
total time = 0.107383 time select seed = 0.082217
total = 4155 selected = 163 unselected = 3992
seed of prob = 35176.2	size = 163

prob(alpha = 0.95):
total time = 0.101542 time select seed = 0.082001
total = 4155 selected = 163 unselected = 3992
seed of prob = 35148.4	size = 163

prob(alpha = 1):
total time = 0.102052 time select seed = 0.082588
total = 4155 selected = 163 unselected = 3992
seed of prob = 35201.1	size = 163

determined prob:
total time = 0.096156 time select seed = 0.07843
total = 4155 selected = 163 unselected = 3992
seed of d-prob = 35297.3	size = 163


apsize = 50 k = 2 rrsize = 1000000
ap avg degree = 37.38
RR set generation time = 100.83 total size = 16018744
IMM:
total time = 0.03518 time select seed = 0.02963
total = 1862 selected = 91 unselected = 1771
seed of IMM = 10405	size = 91

Threshold(xi = 0.05):
total time = 0.038247 time select seed = 0.033637
total = 1862 selected = 89 unselected = 1673
seed of Threshold = 10437.1	size = 89

prob(alpha = 0.9):
total time = 0.039631 time select seed = 0.025129
total = 1863 selected = 91 unselected = 1772
seed of prob = 8369.52	size = 91

prob(alpha = 0.95):
total time = 0.039747 time select seed = 0.025679
total = 1863 selected = 91 unselected = 1772
seed of prob = 8328.32	size = 91

prob(alpha = 1):
total time = 0.038497 time select seed = 0.025183
total = 1863 selected = 91 unselected = 1772
seed of prob = 8416.79	size = 91

determined prob:
total time = 0.036766 time select seed = 0.029063
total = 1863 selected = 91 unselected = 1772
seed of d-prob = 10431.1	size = 91


apsize = 100 k = 2 rrsize = 1000000
ap avg degree = 14.74
RR set generation time = 101.856 total size = 16061243
IMM:
total time = 0.073854 time select seed = 0.068472
total = 1473 selected = 155 unselected = 1318
seed of IMM = 26497.2	size = 155

Threshold(xi = 0.05):
total time = 0.084284 time select seed = 0.079424
total = 1473 selected = 146 unselected = 1222
seed of Threshold = 26484.2	size = 146

prob(alpha = 0.9):
total time = 0.082576 time select seed = 0.073378
total = 1473 selected = 155 unselected = 1318
seed of prob = 30947.5	size = 155

prob(alpha = 0.95):
total time = 0.083501 time select seed = 0.074193
total = 1473 selected = 155 unselected = 1318
seed of prob = 30859.8	size = 155

prob(alpha = 1):
total time = 0.082692 time select seed = 0.07334
total = 1473 selected = 155 unselected = 1318
seed of prob = 30954.5	size = 155

determined prob:
total time = 0.079692 time select seed = 0.071142
total = 1473 selected = 155 unselected = 1318
seed of d-prob = 30979.1	size = 155


apsize = 200 k = 2 rrsize = 1000000
ap avg degree = 20.365
RR set generation time = 101.742 total size = 16070876
IMM:
total time = 0.093976 time select seed = 0.083623
total = 4048 selected = 322 unselected = 3726
seed of IMM = 36888.8	size = 322

Threshold(xi = 0.05):
total time = 0.102457 time select seed = 0.094692
total = 4048 selected = 314 unselected = 3593
seed of Threshold = 36862.6	size = 314

prob(alpha = 0.9):
total time = 0.11211 time select seed = 0.084975
total = 4050 selected = 322 unselected = 3728
seed of prob = 36837.5	size = 322

prob(alpha = 0.95):
total time = 0.111963 time select seed = 0.084537
total = 4050 selected = 322 unselected = 3728
seed of prob = 36756.5	size = 322

prob(alpha = 1):
total time = 0.112141 time select seed = 0.084733
total = 4050 selected = 322 unselected = 3728
seed of prob = 36783.9	size = 322

determined prob:
total time = 0.109003 time select seed = 0.083663
total = 4050 selected = 322 unselected = 3728
seed of d-prob = 36879.1	size = 322


apsize = 50 k = 5 rrsize = 1000000
ap avg degree = 17.28
RR set generation time = 101.49 total size = 16168892
IMM:
total time = 0.036882 time select seed = 0.032582
total = 862 selected = 201 unselected = 661
seed of IMM = 11981.9	size = 201

Threshold(xi = 0.05):
total time = 0.040812 time select seed = 0.03689
total = 862 selected = 200 unselected = 630
seed of Threshold = 11935	size = 200

prob(alpha = 0.9):
total time = 0.041766 time select seed = 0.034186
total = 862 selected = 201 unselected = 661
seed of prob = 11969.9	size = 201

prob(alpha = 0.95):
total time = 0.04367 time select seed = 0.035778
total = 862 selected = 201 unselected = 661
seed of prob = 11926.2	size = 201

prob(alpha = 1):
total time = 0.041298 time select seed = 0.033823
total = 862 selected = 201 unselected = 661
seed of prob = 11921.2	size = 201

determined prob:
total time = 0.039504 time select seed = 0.032508
total = 862 selected = 201 unselected = 661
seed of d-prob = 11945.2	size = 201


apsize = 100 k = 5 rrsize = 1000000
ap avg degree = 14.37
RR set generation time = 102.926 total size = 16226112
IMM:
total time = 0.078919 time select seed = 0.072606
total = 1431 selected = 340 unselected = 1091
seed of IMM = 27230.3	size = 340

Threshold(xi = 0.05):
total time = 0.080978 time select seed = 0.075917
total = 1431 selected = 336 unselected = 1042
seed of Threshold = 27301.6	size = 336

prob(alpha = 0.9):
total time = 0.082366 time select seed = 0.069027
total = 1431 selected = 340 unselected = 1091
seed of prob = 27101.8	size = 340

prob(alpha = 0.95):
total time = 0.083589 time select seed = 0.069591
total = 1431 selected = 340 unselected = 1091
seed of prob = 27130	size = 340

prob(alpha = 1):
total time = 0.088537 time select seed = 0.073953
total = 1431 selected = 340 unselected = 1091
seed of prob = 27279.3	size = 340

determined prob:
total time = 0.079097 time select seed = 0.066438
total = 1431 selected = 340 unselected = 1091
seed of d-prob = 27235.6	size = 340


apsize = 200 k = 5 rrsize = 1000000
ap avg degree = 19.695
RR set generation time = 102.121 total size = 16090900
IMM:
total time = 0.137744 time select seed = 0.12472
total = 3917 selected = 713 unselected = 3204
seed of IMM = 57025.7	size = 713

Threshold(xi = 0.05):
total time = 0.145371 time select seed = 0.135093
total = 3917 selected = 690 unselected = 3115
seed of Threshold = 56968.8	size = 690

prob(alpha = 0.9):
total time = 0.180562 time select seed = 0.130263
total = 3917 selected = 713 unselected = 3204
seed of prob = 57074.7	size = 713

prob(alpha = 0.95):
total time = 0.172883 time select seed = 0.125756
total = 3917 selected = 713 unselected = 3204
seed of prob = 57023.1	size = 713

prob(alpha = 1):
total time = 0.163843 time select seed = 0.119355
total = 3917 selected = 713 unselected = 3204
seed of prob = 57083.3	size = 713

determined prob:
total time = 0.157241 time select seed = 0.116605
total = 3917 selected = 713 unselected = 3204
seed of d-prob = 57045.6	size = 713


apsize = 50 k = 10 rrsize = 1000000
ap avg degree = 26.62
RR set generation time = 102.681 total size = 16126700
IMM:
total time = 0.070407 time select seed = 0.064648
total = 1330 selected = 328 unselected = 1002
seed of IMM = 26829.2	size = 328

Threshold(xi = 0.05):
total time = 0.078558 time select seed = 0.073668
total = 1330 selected = 320 unselected = 972
seed of Threshold = 26827.2	size = 320

prob(alpha = 0.9):
total time = 0.088423 time select seed = 0.066781
total = 1330 selected = 328 unselected = 1002
seed of prob = 26159.9	size = 328

prob(alpha = 0.95):
total time = 0.088956 time select seed = 0.067513
total = 1330 selected = 328 unselected = 1002
seed of prob = 26439.9	size = 328

prob(alpha = 1):
total time = 0.086112 time select seed = 0.065939
total = 1330 selected = 328 unselected = 1002
seed of prob = 26470.3	size = 328

determined prob:
total time = 0.073395 time select seed = 0.063991
total = 1330 selected = 328 unselected = 1002
seed of d-prob = 26768.2	size = 328


apsize = 100 k = 10 rrsize = 1000000
ap avg degree = 17.89
RR set generation time = 102.673 total size = 16137659
IMM:
total time = 0.085136 time select seed = 0.077604
total = 1784 selected = 622 unselected = 1162
seed of IMM = 33241.4	size = 622

Threshold(xi = 0.05):
total time = 0.096065 time select seed = 0.089884
total = 1784 selected = 601 unselected = 1117
seed of Threshold = 33363.2	size = 601

prob(alpha = 0.9):
total time = 0.104036 time select seed = 0.079861
total = 1784 selected = 622 unselected = 1162
seed of prob = 33190.3	size = 622

prob(alpha = 0.95):
total time = 0.104129 time select seed = 0.080326
total = 1784 selected = 622 unselected = 1162
seed of prob = 33190.5	size = 622

prob(alpha = 1):
total time = 0.108431 time select seed = 0.083454
total = 1784 selected = 622 unselected = 1162
seed of prob = 33267.3	size = 622

determined prob:
total time = 0.097355 time select seed = 0.078044
total = 1784 selected = 622 unselected = 1162
seed of d-prob = 33248.7	size = 622


apsize = 200 k = 10 rrsize = 1000000
ap avg degree = 20.69
RR set generation time = 102.057 total size = 16122899
IMM:
total time = 0.147803 time select seed = 0.132435
total = 4120 selected = 1286 unselected = 2834
seed of IMM = 65701.4	size = 1286

Threshold(xi = 0.05):
total time = 0.161428 time select seed = 0.148806
total = 4120 selected = 1244 unselected = 2753
seed of Threshold = 65498	size = 1244

prob(alpha = 0.9):
total time = 0.213411 time select seed = 0.13469
total = 4120 selected = 1286 unselected = 2834
seed of prob = 65625.1	size = 1286

prob(alpha = 0.95):
total time = 0.20857 time select seed = 0.132493
total = 4120 selected = 1286 unselected = 2834
seed of prob = 65747.8	size = 1286

prob(alpha = 1):
total time = 0.216834 time select seed = 0.138858
total = 4120 selected = 1286 unselected = 2834
seed of prob = 65537.8	size = 1286

determined prob:
total time = 0.190234 time select seed = 0.127114
total = 4120 selected = 1286 unselected = 2834
seed of d-prob = 65682.7	size = 1286


apsize = 50 k = 1 rrsize = 10000000
ap avg degree = 18.72
RR set generation time = 1013.65 total size = 161259460
IMM:
total time = 0.166484 time select seed = 0.155496
total = 936 selected = 40 unselected = 896
seed of IMM = 5457.91	size = 40

Threshold(xi = 0.05):
total time = 0.176351 time select seed = 0.172183
total = 936 selected = 39 unselected = 873
seed of Threshold = 5478.03	size = 39

prob(alpha = 0.9):
total time = 0.166533 time select seed = 0.155638
total = 936 selected = 40 unselected = 896
seed of prob = 5470.76	size = 40

prob(alpha = 0.95):
total time = 0.1661 time select seed = 0.160186
total = 936 selected = 40 unselected = 896
seed of prob = 5446.6	size = 40

prob(alpha = 1):
total time = 0.181489 time select seed = 0.176041
total = 936 selected = 40 unselected = 896
seed of prob = 5445.75	size = 40

determined prob:
total time = 0.155468 time select seed = 0.149858
total = 936 selected = 40 unselected = 896
seed of d-prob = 5447.86	size = 40


apsize = 100 k = 1 rrsize = 10000000
ap avg degree = 20.59
RR set generation time = 1012.12 total size = 161209441
IMM:
total time = 0.260136 time select seed = 0.25314
total = 2053 selected = 88 unselected = 1965
seed of IMM = 9507.09	size = 88

Threshold(xi = 0.05):
total time = 0.279192 time select seed = 0.273731
total = 2053 selected = 88 unselected = 1952
seed of Threshold = 9456.28	size = 88

prob(alpha = 0.9):
total time = 0.264217 time select seed = 0.254505
total = 2053 selected = 88 unselected = 1965
seed of prob = 9449.42	size = 88

prob(alpha = 0.95):
total time = 0.258465 time select seed = 0.248217
total = 2053 selected = 88 unselected = 1965
seed of prob = 9333.72	size = 88

prob(alpha = 1):
total time = 0.261488 time select seed = 0.251354
total = 2053 selected = 88 unselected = 1965
seed of prob = 9455.4	size = 88

determined prob:
total time = 0.250534 time select seed = 0.240799
total = 2053 selected = 88 unselected = 1965
seed of d-prob = 9467.26	size = 88


apsize = 200 k = 1 rrsize = 10000000
ap avg degree = 17.945
RR set generation time = 1011.74 total size = 161129573
IMM:
total time = 0.859282 time select seed = 0.84949
total = 3580 selected = 176 unselected = 3404
seed of IMM = 39546	size = 176

Threshold(xi = 0.05):
total time = 0.988201 time select seed = 0.980531
total = 3580 selected = 169 unselected = 3255
seed of Threshold = 39527.9	size = 169

prob(alpha = 0.9):
total time = 0.894475 time select seed = 0.874639
total = 3580 selected = 176 unselected = 3404
seed of prob = 38917.2	size = 176

prob(alpha = 0.95):
total time = 0.880975 time select seed = 0.861205
total = 3580 selected = 176 unselected = 3404
seed of prob = 38976.8	size = 176

prob(alpha = 1):
total time = 0.877212 time select seed = 0.857147
total = 3580 selected = 176 unselected = 3404
seed of prob = 38917.6	size = 176

determined prob:
total time = 0.869063 time select seed = 0.84911
total = 3580 selected = 176 unselected = 3404
seed of d-prob = 38978.9	size = 176


apsize = 50 k = 2 rrsize = 10000000
ap avg degree = 29.8
RR set generation time = 1010.22 total size = 161340556
IMM:
total time = 0.296104 time select seed = 0.290539
total = 1488 selected = 83 unselected = 1405
seed of IMM = 11719.3	size = 83

Threshold(xi = 0.05):
total time = 0.333531 time select seed = 0.328554
total = 1488 selected = 83 unselected = 1343
seed of Threshold = 11662.8	size = 83

prob(alpha = 0.9):
total time = 0.322177 time select seed = 0.313513
total = 1488 selected = 83 unselected = 1405
seed of prob = 11661.7	size = 83

prob(alpha = 0.95):
total time = 0.308658 time select seed = 0.300008
total = 1488 selected = 83 unselected = 1405
seed of prob = 11658.8	size = 83

prob(alpha = 1):
total time = 0.328481 time select seed = 0.319728
total = 1488 selected = 83 unselected = 1405
seed of prob = 11560.5	size = 83

determined prob:
total time = 0.302344 time select seed = 0.294458
total = 1488 selected = 83 unselected = 1405
seed of d-prob = 11613.5	size = 83


apsize = 100 k = 2 rrsize = 10000000
ap avg degree = 20.44
RR set generation time = 1013.37 total size = 161196959
IMM:
total time = 0.377153 time select seed = 0.370382
total = 2040 selected = 169 unselected = 1871
seed of IMM = 14795.4	size = 169

Threshold(xi = 0.05):
total time = 0.428998 time select seed = 0.42325
total = 2040 selected = 169 unselected = 1864
seed of Threshold = 14806.5	size = 169

prob(alpha = 0.9):
total time = 0.404584 time select seed = 0.391106
total = 2040 selected = 169 unselected = 1871
seed of prob = 14757.7	size = 169

prob(alpha = 0.95):
total time = 0.39455 time select seed = 0.381445
total = 2040 selected = 169 unselected = 1871
seed of prob = 14755.5	size = 169

prob(alpha = 1):
total time = 0.403717 time select seed = 0.390487
total = 2040 selected = 169 unselected = 1871
seed of prob = 14732.8	size = 169

determined prob:
total time = 0.398294 time select seed = 0.386043
total = 2040 selected = 169 unselected = 1871
seed of d-prob = 14822.9	size = 169


apsize = 200 k = 2 rrsize = 10000000
ap avg degree = 15.605
RR set generation time = 1010.39 total size = 161179128
IMM:
total time = 1.00582 time select seed = 0.995292
total = 3104 selected = 334 unselected = 2770
seed of IMM = 45318.1	size = 334

Threshold(xi = 0.05):
total time = 1.12366 time select seed = 1.11516
total = 3104 selected = 331 unselected = 2638
seed of Threshold = 45282.6	size = 331

prob(alpha = 0.9):
total time = 0.975958 time select seed = 0.949691
total = 3104 selected = 334 unselected = 2770
seed of prob = 45313.2	size = 334

prob(alpha = 0.95):
total time = 0.975063 time select seed = 0.948503
total = 3104 selected = 334 unselected = 2770
seed of prob = 45253	size = 334

prob(alpha = 1):
total time = 0.972221 time select seed = 0.946139
total = 3104 selected = 334 unselected = 2770
seed of prob = 45218.5	size = 334

determined prob:
total time = 0.95306 time select seed = 0.927892
total = 3104 selected = 334 unselected = 2770
seed of d-prob = 45295.3	size = 334


apsize = 50 k = 5 rrsize = 10000000
ap avg degree = 24.7
RR set generation time = 1007.24 total size = 161292616
IMM:
total time = 0.74796 time select seed = 0.74179
total = 1233 selected = 180 unselected = 1053
seed of IMM = 30268.7	size = 180

Threshold(xi = 0.05):
total time = 0.815046 time select seed = 0.809874
total = 1233 selected = 179 unselected = 1000
seed of Threshold = 30272.6	size = 179

prob(alpha = 0.9):
total time = 0.703998 time select seed = 0.693631
total = 1233 selected = 180 unselected = 1053
seed of prob = 30303.2	size = 180

prob(alpha = 0.95):
total time = 0.703659 time select seed = 0.693159
total = 1233 selected = 180 unselected = 1053
seed of prob = 30205	size = 180

prob(alpha = 1):
total time = 0.702605 time select seed = 0.692237
total = 1233 selected = 180 unselected = 1053
seed of prob = 30238.5	size = 180

determined prob:
total time = 0.693406 time select seed = 0.684776
total = 1233 selected = 180 unselected = 1053
seed of d-prob = 30299	size = 180


apsize = 100 k = 5 rrsize = 10000000
ap avg degree = 19.99
RR set generation time = 1011.59 total size = 161544825
IMM:
total time = 0.687922 time select seed = 0.679637
total = 1993 selected = 386 unselected = 1607
seed of IMM = 27722.2	size = 386

Threshold(xi = 0.05):
total time = 0.736011 time select seed = 0.729494
total = 1993 selected = 382 unselected = 1595
seed of Threshold = 27697.7	size = 382

prob(alpha = 0.9):
total time = 0.687408 time select seed = 0.667416
total = 1993 selected = 386 unselected = 1607
seed of prob = 27709.9	size = 386

prob(alpha = 0.95):
total time = 0.676987 time select seed = 0.657583
total = 1993 selected = 386 unselected = 1607
seed of prob = 27700	size = 386

prob(alpha = 1):
total time = 0.686265 time select seed = 0.666202
total = 1993 selected = 386 unselected = 1607
seed of prob = 27607.3	size = 386

determined prob:
total time = 0.65924 time select seed = 0.641896
total = 1993 selected = 386 unselected = 1607
seed of d-prob = 27758.3	size = 386


apsize = 200 k = 5 rrsize = 10000000
ap avg degree = 17.565
RR set generation time = 1011.43 total size = 161133457
IMM:
total time = 1.00748 time select seed = 0.994236
total = 3503 selected = 703 unselected = 2800
seed of IMM = 50204.3	size = 703

Threshold(xi = 0.05):
total time = 1.14553 time select seed = 1.12525
total = 3503 selected = 702 unselected = 2788
seed of Threshold = 50334.8	size = 702

prob(alpha = 0.9):
total time = 1.10883 time select seed = 1.06094
total = 3503 selected = 703 unselected = 2800
seed of prob = 50256.6	size = 703

prob(alpha = 0.95):
total time = 1.11094 time select seed = 1.0623
total = 3503 selected = 703 unselected = 2800
seed of prob = 50168.5	size = 703

prob(alpha = 1):
total time = 1.08623 time select seed = 1.03892
total = 3503 selected = 703 unselected = 2800
seed of prob = 50196.5	size = 703

determined prob:
total time = 1.04647 time select seed = 0.984087
total = 3503 selected = 703 unselected = 2800
seed of d-prob = 50263.6	size = 703


apsize = 50 k = 10 rrsize = 10000000
ap avg degree = 22.82
RR set generation time = 1019.05 total size = 161370120
IMM:
total time = 0.602776 time select seed = 0.596211
total = 1141 selected = 327 unselected = 814
seed of IMM = 23627.6	size = 327

Threshold(xi = 0.05):
total time = 0.662207 time select seed = 0.656373
total = 1141 selected = 326 unselected = 813
seed of Threshold = 23705.2	size = 326

prob(alpha = 0.9):
total time = 0.601193 time select seed = 0.587972
total = 1141 selected = 327 unselected = 814
seed of prob = 23751.1	size = 327

prob(alpha = 0.95):
total time = 0.648811 time select seed = 0.634442
total = 1141 selected = 327 unselected = 814
seed of prob = 23654.6	size = 327

prob(alpha = 1):
total time = 0.58962 time select seed = 0.57671
total = 1141 selected = 327 unselected = 814
seed of prob = 23778.5	size = 327

determined prob:
total time = 0.56591 time select seed = 0.555648
total = 1141 selected = 327 unselected = 814
seed of d-prob = 23725	size = 327


apsize = 100 k = 10 rrsize = 10000000
ap avg degree = 18.75
RR set generation time = 1009.58 total size = 161334342
IMM:
total time = 0.824119 time select seed = 0.814103
total = 1871 selected = 660 unselected = 1211
seed of IMM = 37154.2	size = 660

Threshold(xi = 0.05):
total time = 0.912989 time select seed = 0.905456
total = 1871 selected = 660 unselected = 1211
seed of Threshold = 37139.7	size = 660

prob(alpha = 0.9):
total time = 0.889326 time select seed = 0.861411
total = 1871 selected = 660 unselected = 1211
seed of prob = 37096	size = 660

prob(alpha = 0.95):
total time = 0.88223 time select seed = 0.854572
total = 1871 selected = 660 unselected = 1211
seed of prob = 37075.4	size = 660

prob(alpha = 1):
total time = 0.869915 time select seed = 0.842078
total = 1871 selected = 660 unselected = 1211
seed of prob = 37150.6	size = 660

determined prob:
total time = 0.855733 time select seed = 0.830835
total = 1871 selected = 660 unselected = 1211
seed of d-prob = 37086.7	size = 660


apsize = 200 k = 10 rrsize = 10000000
ap avg degree = 20.695
RR set generation time = 1007.91 total size = 161143084
IMM:
total time = 1.361 time select seed = 1.34073
total = 4119 selected = 1326 unselected = 2793
seed of IMM = 70417.8	size = 1326

Threshold(xi = 0.05):
total time = 1.48444 time select seed = 1.46956
total = 4119 selected = 1325 unselected = 2789
seed of Threshold = 70423.2	size = 1325

prob(alpha = 0.9):
total time = 1.40413 time select seed = 1.32325
total = 4119 selected = 1326 unselected = 2793
seed of prob = 70520.4	size = 1326

prob(alpha = 0.95):
total time = 1.38712 time select seed = 1.30513
total = 4119 selected = 1326 unselected = 2793
seed of prob = 70385.1	size = 1326

prob(alpha = 1):
total time = 1.39427 time select seed = 1.3133
total = 4119 selected = 1326 unselected = 2793
seed of prob = 70484.9	size = 1326

determined prob:
total time = 1.40264 time select seed = 1.3258
total = 4119 selected = 1326 unselected = 2793
seed of d-prob = 70489.3	size = 1326


